2026-05-04 17:06:20,051 - INFO - core.database_manager - [database_manager.py:32] - Base de datos de la aplicación ubicada en: C:/Users/Usuario/AppData/Roaming/Business & Services/AsistenteContable\databases\actividades_usuario.db
2026-05-04 17:06:31,331 - INFO - features.pda_extractor.pda_extractor_workflow - [pda_extractor_workflow.py:183] - Aplicando Jitter de Arranque: 2459ms para desincronizar enjambre.
2026-05-04 17:06:33,809 - INFO - features.pda_extractor.driver_config - [driver_config.py:104] - Configurando para usar un perfil de Chrome temporal y limpio.
2026-05-04 17:06:35,817 - INFO - features.pda_extractor.driver_config - [driver_config.py:125] - WebDriver configurado exitosamente con webdriver-manager.
2026-05-04 17:06:35,902 - INFO - features.pda_extractor.pda_sequence_manager - [pda_sequence_manager.py:58] - Caché táctico: 1805 cédulas previas cargadas. Se omitirán automáticamente.
2026-05-04 17:06:35,903 - INFO - features.pda_extractor.pda_workflow_executor - [pda_workflow_executor.py:115] - Flujo de trabajo iniciado. Cédula inicial: 'LOTE CARGADO (23615 cédulas)'.
2026-05-04 17:06:38,466 - INFO - features.pda_extractor.driver_manager - [driver_manager.py:363] - ¡Sesión inyectada en el navegador virgen! Evadiendo autenticación SMS...
2026-05-04 17:06:42,765 - INFO - features.pda_extractor.driver_manager - [driver_manager.py:376] - Diagnóstico Post-Fénix: URL actual=https://sellingpoint.claro.com.ec/PT_pdaOne/#/login, Claves en Memoria=0
2026-05-04 17:06:47,796 - WARNING - features.pda_extractor.pda_workflow_executor - [pda_workflow_executor.py:45] - Tokens expirados o inválidos. Se requiere autenticación manual.
2026-05-04 17:06:47,802 - INFO - features.pda_extractor.workflow_result_handler - [workflow_result_handler.py:172] - Inicialización completada. Esperando validación manual de PDA...
2026-05-04 17:06:55,603 - INFO - features.pda_extractor.driver_manager - [driver_manager.py:328] - Sesión Fénix (Tokens/Cookies) guardada exitosamente para rehidratación futura.
2026-05-04 17:06:55,603 - INFO - features.pda_extractor.workflow_result_handler - [workflow_result_handler.py:184] - PDA validada por el usuario. Reanudando extracción...
2026-05-04 17:06:55,603 - INFO - features.pda_extractor.workflow_result_handler - [workflow_result_handler.py:353] - [Evasión Anti-Bot] Pausa táctica normal de 3.0 segundos...
2026-05-04 17:06:58,594 - INFO - features.pda_extractor.pda_extractor_workflow - [pda_extractor_workflow.py:208] - Salto táctico: Se omitieron 195 cédulas que ya existían en la base de datos.
2026-05-04 17:06:58,594 - INFO - features.pda_extractor.pda_extractor_workflow - [pda_extractor_workflow.py:220] - --- Iniciando validación de cédula: 0910007152 ---
2026-05-04 17:06:58,600 - ERROR - features.pda_extractor.pda_extractor_service - [pda_extractor_service.py:96] - Error en el servicio PDA Extractor: El token JWT de Claro ha expirado.
Traceback (most recent call last):
  File "C:\Users\Usuario\Desktop\PDA\src\features\pda_extractor\pda_extractor_service.py", line 58, in extract_pda_data
    result_data = processor.process_cedula(cedula)
  File "C:\Users\Usuario\Desktop\PDA\src\features\pda_extractor\pda_extractor_logic.py", line 373, in process_cedula
    raise e
  File "C:\Users\Usuario\Desktop\PDA\src\features\pda_extractor\pda_extractor_logic.py", line 42, in process_cedula
    raise SessionExpiredException("El token JWT de Claro ha expirado.")
features.pda_extractor.exceptions.SessionExpiredException: El token JWT de Claro ha expirado.
2026-05-04 17:06:58,603 - ERROR - features.pda_extractor.driver_manager - [driver_manager.py:218] - Error durante la ejecución del WebDriver: El token JWT de Claro ha expirado.
Traceback (most recent call last):
  File "C:\Users\Usuario\Desktop\PDA\src\features\pda_extractor\pda_extractor_service.py", line 58, in extract_pda_data
    result_data = processor.process_cedula(cedula)
  File "C:\Users\Usuario\Desktop\PDA\src\features\pda_extractor\pda_extractor_logic.py", line 373, in process_cedula
    raise e
  File "C:\Users\Usuario\Desktop\PDA\src\features\pda_extractor\pda_extractor_logic.py", line 42, in process_cedula
    raise SessionExpiredException("El token JWT de Claro ha expirado.")
features.pda_extractor.exceptions.SessionExpiredException: El token JWT de Claro ha expirado.
2026-05-04 17:06:58,663 - INFO - features.pda_extractor.driver_manager - [driver_manager.py:261] - Captura de pantalla de error guardada en: C:\Users\Usuario\Desktop\PDA\src\features\pda_extractor\error_screenshot_pda_extractor_9792.png
2026-05-04 17:06:58,663 - WARNING - features.pda_extractor.driver_manager - [driver_manager.py:248] - MODO DESARROLLO: El navegador se mantendrá abierto debido a un error crítico.
2026-05-04 17:06:58,664 - CRITICAL - features.pda_extractor.workflow_result_handler - [workflow_result_handler.py:119] - ¡Token de sesión expirado! Deteniendo operaciones desatendidas.
2026-05-04 17:07:26,355 - INFO - features.pda_extractor.workflow_result_handler - [workflow_result_handler.py:134] - Nueva sesión validada. Reintentando la cédula interrumpida...
2026-05-04 17:07:27,373 - WARNING - features.pda_extractor.pda_base_logic - [pda_base_logic.py:252] - Círculo de carga detectado. El servidor de Claro está experimentando lentitud.
2026-05-04 17:07:28,387 - INFO - features.pda_extractor.pda_base_logic - [pda_base_logic.py:257] - El círculo de carga finalizó. Retomando automatización...
2026-05-04 17:07:34,647 - INFO - features.pda_extractor.pda_domicilio_logic - [pda_domicilio_logic.py:48] - [Paso 2] Botón Domicilio ACTIVO para 0910007152. Accediendo...
2026-05-04 17:07:36,798 - INFO - features.pda_extractor.pda_domicilio_logic - [pda_domicilio_logic.py:65] - Alertas en cascada interceptadas y destruidas limpiamente.
2026-05-04 17:07:38,458 - INFO - features.pda_extractor.pda_domicilio_logic - [pda_domicilio_logic.py:109] - Domicilio extraído - Ciudad: GUAYAQUIL | Dir: Por definir - No us
2026-05-04 17:07:40,022 - INFO - features.pda_extractor.pda_domicilio_logic - [pda_domicilio_logic.py:242] - Select 'provincias' tiene datos originales válidos ('guayas'). Se respeta el valor de Claro.
2026-05-04 17:07:40,080 - INFO - features.pda_extractor.pda_domicilio_logic - [pda_domicilio_logic.py:242] - Select 'cantones' tiene datos originales válidos ('guayaquil'). Se respeta el valor de Claro.
2026-05-04 17:07:43,686 - INFO - features.pda_extractor.pda_domicilio_logic - [pda_domicilio_logic.py:185] - Clic humano en 'referencia' ejecutado exitosamente para descongelar Domicilio.
2026-05-04 17:07:44,228 - INFO - features.pda_extractor.pda_sucursales_logic - [pda_sucursales_logic.py:32] - [Paso 4b] Botón Sucursales ACTIVO. Accediendo...
2026-05-04 17:07:44,645 - WARNING - features.pda_extractor.pda_base_logic - [pda_base_logic.py:252] - Círculo de carga detectado. El servidor de Claro está experimentando lentitud.
2026-05-04 17:07:45,154 - INFO - features.pda_extractor.pda_base_logic - [pda_base_logic.py:257] - El círculo de carga finalizó. Retomando automatización...
2026-05-04 17:07:45,154 - INFO - features.pda_extractor.pda_sucursales_logic - [pda_sucursales_logic.py:79] - [Paso 5] Verificando disponibilidad de sucursales para 0910007152...
2026-05-04 17:07:45,158 - INFO - features.pda_extractor.pda_sucursales_logic - [pda_sucursales_logic.py:87] - [Paso 5] Cierre de ciclo: Popup 'Sin sucursales' detectado. Cerrando...
2026-05-04 17:07:49,133 - INFO - features.pda_extractor.workflow_result_handler - [workflow_result_handler.py:207] - Datos guardados en BD para cédula 0910007152.
2026-05-04 17:07:49,134 - INFO - features.pda_extractor.workflow_result_handler - [workflow_result_handler.py:353] - [Evasión Anti-Bot] Pausa táctica normal de 3.2 segundos...
2026-05-04 17:07:52,374 - INFO - features.pda_extractor.pda_extractor_workflow - [pda_extractor_workflow.py:220] - --- Iniciando validación de cédula: 0910007160 ---
2026-05-04 17:07:53,278 - WARNING - features.pda_extractor.pda_base_logic - [pda_base_logic.py:252] - Círculo de carga detectado. El servidor de Claro está experimentando lentitud.
2026-05-04 17:07:54,294 - INFO - features.pda_extractor.pda_base_logic - [pda_base_logic.py:257] - El círculo de carga finalizó. Retomando automatización...
2026-05-04 17:08:00,518 - INFO - features.pda_extractor.pda_domicilio_logic - [pda_domicilio_logic.py:48] - [Paso 2] Botón Domicilio ACTIVO para 0910007160. Accediendo...
2026-05-04 17:08:02,662 - INFO - features.pda_extractor.pda_domicilio_logic - [pda_domicilio_logic.py:65] - Alertas en cascada interceptadas y destruidas limpiamente.
2026-05-04 17:08:04,285 - INFO - features.pda_extractor.pda_domicilio_logic - [pda_domicilio_logic.py:109] - Domicilio extraído - Ciudad: GUAYAQUIL | Dir: NN (Ref: |NN
2026-05-04 17:08:05,844 - INFO - features.pda_extractor.pda_domicilio_logic - [pda_domicilio_logic.py:242] - Select 'provincias' tiene datos originales válidos ('guayas'). Se respeta el valor de Claro.
2026-05-04 17:08:05,899 - INFO - features.pda_extractor.pda_domicilio_logic - [pda_domicilio_logic.py:242] - Select 'cantones' tiene datos originales válidos ('guayaquil'). Se respeta el valor de Claro.
2026-05-04 17:08:07,393 - INFO - features.pda_extractor.pda_domicilio_logic - [pda_domicilio_logic.py:343] - Parroquia válida detectada. Aplicando inyección de eventos Ionic...
2026-05-04 17:08:13,637 - INFO - features.pda_extractor.pda_domicilio_logic - [pda_domicilio_logic.py:185] - Clic humano en 'referencia' ejecutado exitosamente para descongelar Domicilio.
2026-05-04 17:08:14,169 - INFO - features.pda_extractor.pda_sucursales_logic - [pda_sucursales_logic.py:32] - [Paso 4b] Botón Sucursales ACTIVO. Accediendo...
2026-05-04 17:08:14,382 - WARNING - features.pda_extractor.pda_base_logic - [pda_base_logic.py:252] - Círculo de carga detectado. El servidor de Claro está experimentando lentitud.
2026-05-04 17:08:14,893 - INFO - features.pda_extractor.pda_base_logic - [pda_base_logic.py:257] - El círculo de carga finalizó. Retomando automatización...
2026-05-04 17:08:14,894 - INFO - features.pda_extractor.pda_sucursales_logic - [pda_sucursales_logic.py:79] - [Paso 5] Verificando disponibilidad de sucursales para 0910007160...
2026-05-04 17:08:14,897 - INFO - features.pda_extractor.pda_sucursales_logic - [pda_sucursales_logic.py:87] - [Paso 5] Cierre de ciclo: Popup 'Sin sucursales' detectado. Cerrando...
2026-05-04 17:08:18,863 - INFO - features.pda_extractor.workflow_result_handler - [workflow_result_handler.py:207] - Datos guardados en BD para cédula 0910007160.
2026-05-04 17:08:18,863 - INFO - features.pda_extractor.workflow_result_handler - [workflow_result_handler.py:353] - [Evasión Anti-Bot] Pausa táctica normal de 4.0 segundos...
2026-05-04 17:08:22,825 - INFO - features.pda_extractor.pda_extractor_workflow - [pda_extractor_workflow.py:220] - --- Iniciando validación de cédula: 0910007210 ---
2026-05-04 17:08:23,737 - WARNING - features.pda_extractor.pda_base_logic - [pda_base_logic.py:252] - Círculo de carga detectado. El servidor de Claro está experimentando lentitud.
2026-05-04 17:08:24,749 - INFO - features.pda_extractor.pda_base_logic - [pda_base_logic.py:257] - El círculo de carga finalizó. Retomando automatización...
2026-05-04 17:08:28,807 - INFO - features.pda_extractor.pda_extractor_logic - [pda_extractor_logic.py:249] - Clonando móvil válido al Contacto 2 para satisfacer UI.
2026-05-04 17:08:28,819 - INFO - features.pda_extractor.pda_extractor_logic - [pda_extractor_logic.py:254] - Clonando móvil válido al Contacto 3 para satisfacer UI.
2026-05-04 17:08:31,006 - INFO - features.pda_extractor.pda_domicilio_logic - [pda_domicilio_logic.py:48] - [Paso 2] Botón Domicilio ACTIVO para 0910007210. Accediendo...
2026-05-04 17:08:36,206 - INFO - features.pda_extractor.pda_domicilio_logic - [pda_domicilio_logic.py:65] - Alertas en cascada interceptadas y destruidas limpiamente.
2026-05-04 17:08:37,835 - INFO - features.pda_extractor.pda_domicilio_logic - [pda_domicilio_logic.py:109] - Domicilio extraído - Ciudad: DURAN | Dir: Por definir - No us
2026-05-04 17:08:39,376 - INFO - features.pda_extractor.pda_domicilio_logic - [pda_domicilio_logic.py:242] - Select 'provincias' tiene datos originales válidos ('guayas'). Se respeta el valor de Claro.
2026-05-04 17:08:39,424 - INFO - features.pda_extractor.pda_domicilio_logic - [pda_domicilio_logic.py:242] - Select 'cantones' tiene datos originales válidos ('duran'). Se respeta el valor de Claro.
2026-05-04 17:08:43,080 - INFO - features.pda_extractor.pda_domicilio_logic - [pda_domicilio_logic.py:185] - Clic humano en 'referencia' ejecutado exitosamente para descongelar Domicilio.
2026-05-04 17:08:43,612 - INFO - features.pda_extractor.pda_sucursales_logic - [pda_sucursales_logic.py:32] - [Paso 4b] Botón Sucursales ACTIVO. Accediendo...
2026-05-04 17:08:43,823 - WARNING - features.pda_extractor.pda_base_logic - [pda_base_logic.py:252] - Círculo de carga detectado. El servidor de Claro está experimentando lentitud.
2026-05-04 17:08:44,333 - INFO - features.pda_extractor.pda_base_logic - [pda_base_logic.py:257] - El círculo de carga finalizó. Retomando automatización...
2026-05-04 17:08:44,334 - INFO - features.pda_extractor.pda_sucursales_logic - [pda_sucursales_logic.py:79] - [Paso 5] Verificando disponibilidad de sucursales para 0910007210...
2026-05-04 17:08:44,338 - INFO - features.pda_extractor.pda_sucursales_logic - [pda_sucursales_logic.py:87] - [Paso 5] Cierre de ciclo: Popup 'Sin sucursales' detectado. Cerrando...
2026-05-04 17:08:48,307 - INFO - features.pda_extractor.workflow_result_handler - [workflow_result_handler.py:207] - Datos guardados en BD para cédula 0910007210.
2026-05-04 17:08:48,308 - INFO - features.pda_extractor.workflow_result_handler - [workflow_result_handler.py:353] - [Evasión Anti-Bot] Pausa táctica normal de 2.3 segundos...
2026-05-04 17:08:50,662 - INFO - features.pda_extractor.pda_extractor_workflow - [pda_extractor_workflow.py:220] - --- Iniciando validación de cédula: 0910007277 ---
2026-05-04 17:08:51,581 - WARNING - features.pda_extractor.pda_base_logic - [pda_base_logic.py:252] - Círculo de carga detectado. El servidor de Claro está experimentando lentitud.
2026-05-04 17:08:52,595 - INFO - features.pda_extractor.pda_base_logic - [pda_base_logic.py:257] - El círculo de carga finalizó. Retomando automatización...
2026-05-04 17:08:58,823 - INFO - features.pda_extractor.pda_domicilio_logic - [pda_domicilio_logic.py:48] - [Paso 2] Botón Domicilio ACTIVO para 0910007277. Accediendo...
2026-05-04 17:09:00,967 - INFO - features.pda_extractor.pda_domicilio_logic - [pda_domicilio_logic.py:65] - Alertas en cascada interceptadas y destruidas limpiamente.
2026-05-04 17:09:02,598 - INFO - features.pda_extractor.pda_domicilio_logic - [pda_domicilio_logic.py:109] - Domicilio extraído - Ciudad: PLAYAS | Dir: N Nro: NN
2026-05-04 17:09:04,140 - INFO - features.pda_extractor.pda_domicilio_logic - [pda_domicilio_logic.py:242] - Select 'provincias' tiene datos originales válidos ('guayas'). Se respeta el valor de Claro.
2026-05-04 17:09:04,191 - INFO - features.pda_extractor.pda_domicilio_logic - [pda_domicilio_logic.py:242] - Select 'cantones' tiene datos originales válidos ('playas'). Se respeta el valor de Claro.
2026-05-04 17:09:04,232 - INFO - features.pda_extractor.pda_domicilio_logic - [pda_domicilio_logic.py:307] - Parroquia ya tiene datos originales válidos ('general villamil'). Se respeta el valor de Claro.
2026-05-04 17:09:07,837 - INFO - features.pda_extractor.pda_domicilio_logic - [pda_domicilio_logic.py:185] - Clic humano en 'referencia' ejecutado exitosamente para descongelar Domicilio.
2026-05-04 17:09:08,370 - INFO - features.pda_extractor.pda_sucursales_logic - [pda_sucursales_logic.py:32] - [Paso 4b] Botón Sucursales ACTIVO. Accediendo...
2026-05-04 17:09:08,580 - WARNING - features.pda_extractor.pda_base_logic - [pda_base_logic.py:252] - Círculo de carga detectado. El servidor de Claro está experimentando lentitud.
2026-05-04 17:09:09,594 - INFO - features.pda_extractor.pda_base_logic - [pda_base_logic.py:257] - El círculo de carga finalizó. Retomando automatización...
2026-05-04 17:09:09,594 - INFO - features.pda_extractor.pda_sucursales_logic - [pda_sucursales_logic.py:79] - [Paso 5] Verificando disponibilidad de sucursales para 0910007277...
2026-05-04 17:09:09,597 - INFO - features.pda_extractor.pda_sucursales_logic - [pda_sucursales_logic.py:87] - [Paso 5] Cierre de ciclo: Popup 'Sin sucursales' detectado. Cerrando...
2026-05-04 17:09:13,577 - INFO - features.pda_extractor.workflow_result_handler - [workflow_result_handler.py:207] - Datos guardados en BD para cédula 0910007277.
2026-05-04 17:09:13,578 - INFO - features.pda_extractor.workflow_result_handler - [workflow_result_handler.py:353] - [Evasión Anti-Bot] Pausa táctica normal de 3.2 segundos...
2026-05-04 17:09:16,784 - INFO - features.pda_extractor.pda_extractor_workflow - [pda_extractor_workflow.py:220] - --- Iniciando validación de cédula: 0910007327 ---
2026-05-04 17:09:17,695 - WARNING - features.pda_extractor.pda_base_logic - [pda_base_logic.py:252] - Círculo de carga detectado. El servidor de Claro está experimentando lentitud.
2026-05-04 17:09:18,707 - INFO - features.pda_extractor.pda_base_logic - [pda_base_logic.py:257] - El círculo de carga finalizó. Retomando automatización...
2026-05-04 17:09:29,137 - INFO - features.pda_extractor.pda_domicilio_logic - [pda_domicilio_logic.py:207] - Botón Domicilio INACTIVO para 0910007327 (Formulario base incompleto). Omitiendo.
2026-05-04 17:09:31,203 - INFO - features.pda_extractor.pda_extractor_logic - [pda_extractor_logic.py:344] - Limpieza profunda de memoria (RAM/Caché) completada para 0910007327 (Ciclo 5).
2026-05-04 17:09:31,205 - INFO - features.pda_extractor.workflow_result_handler - [workflow_result_handler.py:207] - Datos guardados en BD para cédula 0910007327.
2026-05-04 17:09:31,205 - INFO - features.pda_extractor.workflow_result_handler - [workflow_result_handler.py:353] - [Evasión Anti-Bot] Pausa táctica normal de 3.9 segundos...
2026-05-04 17:09:35,088 - INFO - features.pda_extractor.pda_extractor_workflow - [pda_extractor_workflow.py:220] - --- Iniciando validación de cédula: 0910007384 ---
2026-05-04 17:09:36,016 - WARNING - features.pda_extractor.pda_base_logic - [pda_base_logic.py:252] - Círculo de carga detectado. El servidor de Claro está experimentando lentitud.
2026-05-04 17:09:37,025 - INFO - features.pda_extractor.pda_base_logic - [pda_base_logic.py:257] - El círculo de carga finalizó. Retomando automatización...
2026-05-04 17:09:41,090 - INFO - features.pda_extractor.pda_extractor_logic - [pda_extractor_logic.py:249] - Clonando móvil válido al Contacto 2 para satisfacer UI.
2026-05-04 17:09:41,101 - INFO - features.pda_extractor.pda_extractor_logic - [pda_extractor_logic.py:254] - Clonando móvil válido al Contacto 3 para satisfacer UI.
2026-05-04 17:09:43,380 - INFO - features.pda_extractor.pda_domicilio_logic - [pda_domicilio_logic.py:48] - [Paso 2] Botón Domicilio ACTIVO para 0910007384. Accediendo...
2026-05-04 17:09:48,580 - INFO - features.pda_extractor.pda_domicilio_logic - [pda_domicilio_logic.py:65] - Alertas en cascada interceptadas y destruidas limpiamente.
2026-05-04 17:09:50,236 - INFO - features.pda_extractor.pda_domicilio_logic - [pda_domicilio_logic.py:109] - Domicilio extraído - Ciudad: MILAGRO | Dir: Por definir - No usar
2026-05-04 17:09:51,778 - INFO - features.pda_extractor.pda_domicilio_logic - [pda_domicilio_logic.py:242] - Select 'provincias' tiene datos originales válidos ('guayas'). Se respeta el valor de Claro.
2026-05-04 17:09:51,815 - INFO - features.pda_extractor.pda_domicilio_logic - [pda_domicilio_logic.py:242] - Select 'cantones' tiene datos originales válidos ('milagro'). Se respeta el valor de Claro.
2026-05-04 17:09:55,388 - INFO - features.pda_extractor.pda_domicilio_logic - [pda_domicilio_logic.py:185] - Clic humano en 'referencia' ejecutado exitosamente para descongelar Domicilio.
2026-05-04 17:09:55,920 - INFO - features.pda_extractor.pda_sucursales_logic - [pda_sucursales_logic.py:32] - [Paso 4b] Botón Sucursales ACTIVO. Accediendo...
2026-05-04 17:09:56,131 - WARNING - features.pda_extractor.pda_base_logic - [pda_base_logic.py:252] - Círculo de carga detectado. El servidor de Claro está experimentando lentitud.
2026-05-04 17:09:56,641 - INFO - features.pda_extractor.pda_base_logic - [pda_base_logic.py:257] - El círculo de carga finalizó. Retomando automatización...
2026-05-04 17:09:56,642 - INFO - features.pda_extractor.pda_sucursales_logic - [pda_sucursales_logic.py:79] - [Paso 5] Verificando disponibilidad de sucursales para 0910007384...
2026-05-04 17:09:56,645 - INFO - features.pda_extractor.pda_sucursales_logic - [pda_sucursales_logic.py:87] - [Paso 5] Cierre de ciclo: Popup 'Sin sucursales' detectado. Cerrando...
2026-05-04 17:10:00,789 - INFO - features.pda_extractor.workflow_result_handler - [workflow_result_handler.py:207] - Datos guardados en BD para cédula 0910007384.
2026-05-04 17:10:00,789 - INFO - features.pda_extractor.workflow_result_handler - [workflow_result_handler.py:353] - [Evasión Anti-Bot] Pausa táctica normal de 3.9 segundos...
2026-05-04 17:10:04,699 - INFO - features.pda_extractor.pda_extractor_workflow - [pda_extractor_workflow.py:220] - --- Iniciando validación de cédula: 0910007400 ---
2026-05-04 17:10:05,607 - WARNING - features.pda_extractor.pda_base_logic - [pda_base_logic.py:252] - Círculo de carga detectado. El servidor de Claro está experimentando lentitud.
2026-05-04 17:10:06,621 - INFO - features.pda_extractor.pda_base_logic - [pda_base_logic.py:257] - El círculo de carga finalizó. Retomando automatización...
2026-05-04 17:10:10,720 - INFO - features.pda_extractor.pda_extractor_logic - [pda_extractor_logic.py:249] - Clonando móvil válido al Contacto 2 para satisfacer UI.
2026-05-04 17:10:10,732 - INFO - features.pda_extractor.pda_extractor_logic - [pda_extractor_logic.py:254] - Clonando móvil válido al Contacto 3 para satisfacer UI.
2026-05-04 17:10:12,875 - INFO - features.pda_extractor.pda_domicilio_logic - [pda_domicilio_logic.py:48] - [Paso 2] Botón Domicilio ACTIVO para 0910007400. Accediendo...
2026-05-04 17:10:18,075 - INFO - features.pda_extractor.pda_domicilio_logic - [pda_domicilio_logic.py:65] - Alertas en cascada interceptadas y destruidas limpiamente.
2026-05-04 17:10:19,704 - INFO - features.pda_extractor.pda_domicilio_logic - [pda_domicilio_logic.py:109] - Domicilio extraído - Ciudad:  | Dir: Por definir - No us
2026-05-04 17:10:21,294 - INFO - features.pda_extractor.pda_domicilio_logic - [pda_domicilio_logic.py:268] - Select 'provincias' sanado explícitamente (opción: por definir - no usar).
2026-05-04 17:10:21,300 - WARNING - features.pda_extractor.pda_base_logic - [pda_base_logic.py:252] - Círculo de carga detectado. El servidor de Claro está experimentando lentitud.
2026-05-04 17:10:22,316 - INFO - features.pda_extractor.pda_base_logic - [pda_base_logic.py:257] - El círculo de carga finalizó. Retomando automatización...
2026-05-04 17:10:23,923 - INFO - features.pda_extractor.pda_domicilio_logic - [pda_domicilio_logic.py:268] - Select 'cantones' sanado explícitamente (opción: por definir - no usar).
2026-05-04 17:10:23,928 - WARNING - features.pda_extractor.pda_base_logic - [pda_base_logic.py:252] - Círculo de carga detectado. El servidor de Claro está experimentando lentitud.
2026-05-04 17:10:24,941 - INFO - features.pda_extractor.pda_base_logic - [pda_base_logic.py:257] - El círculo de carga finalizó. Retomando automatización...
2026-05-04 17:10:28,809 - INFO - features.pda_extractor.pda_domicilio_logic - [pda_domicilio_logic.py:343] - Parroquia válida detectada. Aplicando inyección de eventos Ionic...
2026-05-04 17:10:34,937 - INFO - features.pda_extractor.pda_domicilio_logic - [pda_domicilio_logic.py:185] - Clic humano en 'referencia' ejecutado exitosamente para descongelar Domicilio.
2026-05-04 17:10:35,467 - INFO - features.pda_extractor.pda_sucursales_logic - [pda_sucursales_logic.py:32] - [Paso 4b] Botón Sucursales ACTIVO. Accediendo...
2026-05-04 17:10:35,678 - WARNING - features.pda_extractor.pda_base_logic - [pda_base_logic.py:252] - Círculo de carga detectado. El servidor de Claro está experimentando lentitud.
2026-05-04 17:10:36,185 - INFO - features.pda_extractor.pda_base_logic - [pda_base_logic.py:257] - El círculo de carga finalizó. Retomando automatización...
2026-05-04 17:10:36,185 - INFO - features.pda_extractor.pda_sucursales_logic - [pda_sucursales_logic.py:79] - [Paso 5] Verificando disponibilidad de sucursales para 0910007400...
2026-05-04 17:10:36,192 - INFO - features.pda_extractor.pda_sucursales_logic - [pda_sucursales_logic.py:87] - [Paso 5] Cierre de ciclo: Popup 'Sin sucursales' detectado. Cerrando...
2026-05-04 17:10:40,155 - INFO - features.pda_extractor.workflow_result_handler - [workflow_result_handler.py:207] - Datos guardados en BD para cédula 0910007400.
2026-05-04 17:10:40,155 - INFO - features.pda_extractor.workflow_result_handler - [workflow_result_handler.py:353] - [Evasión Anti-Bot] Pausa táctica normal de 3.2 segundos...
2026-05-04 17:10:43,385 - INFO - features.pda_extractor.pda_extractor_workflow - [pda_extractor_workflow.py:220] - --- Iniciando validación de cédula: 0910007509 ---
2026-05-04 17:10:44,290 - WARNING - features.pda_extractor.pda_base_logic - [pda_base_logic.py:252] - Círculo de carga detectado. El servidor de Claro está experimentando lentitud.
2026-05-04 17:10:45,301 - INFO - features.pda_extractor.pda_base_logic - [pda_base_logic.py:257] - El círculo de carga finalizó. Retomando automatización...
2026-05-04 17:10:49,345 - INFO - features.pda_extractor.pda_extractor_logic - [pda_extractor_logic.py:249] - Clonando móvil válido al Contacto 2 para satisfacer UI.
2026-05-04 17:10:51,514 - INFO - features.pda_extractor.pda_domicilio_logic - [pda_domicilio_logic.py:48] - [Paso 2] Botón Domicilio ACTIVO para 0910007509. Accediendo...
2026-05-04 17:10:56,709 - INFO - features.pda_extractor.pda_domicilio_logic - [pda_domicilio_logic.py:65] - Alertas en cascada interceptadas y destruidas limpiamente.
2026-05-04 17:10:58,337 - INFO - features.pda_extractor.pda_domicilio_logic - [pda_domicilio_logic.py:109] - Domicilio extraído - Ciudad: MANTA | Dir: Por definir - No us
2026-05-04 17:10:59,899 - INFO - features.pda_extractor.pda_domicilio_logic - [pda_domicilio_logic.py:242] - Select 'provincias' tiene datos originales válidos ('manabi'). Se respeta el valor de Claro.
2026-05-04 17:10:59,937 - INFO - features.pda_extractor.pda_domicilio_logic - [pda_domicilio_logic.py:242] - Select 'cantones' tiene datos originales válidos ('manta'). Se respeta el valor de Claro.
2026-05-04 17:10:59,972 - INFO - features.pda_extractor.pda_domicilio_logic - [pda_domicilio_logic.py:307] - Parroquia ya tiene datos originales válidos ('manta'). Se respeta el valor de Claro.
2026-05-04 17:11:03,516 - INFO - features.pda_extractor.pda_domicilio_logic - [pda_domicilio_logic.py:185] - Clic humano en 'referencia' ejecutado exitosamente para descongelar Domicilio.
2026-05-04 17:11:04,070 - INFO - features.pda_extractor.pda_sucursales_logic - [pda_sucursales_logic.py:32] - [Paso 4b] Botón Sucursales ACTIVO. Accediendo...
2026-05-04 17:11:04,281 - WARNING - features.pda_extractor.pda_base_logic - [pda_base_logic.py:252] - Círculo de carga detectado. El servidor de Claro está experimentando lentitud.
2026-05-04 17:11:07,312 - INFO - features.pda_extractor.pda_base_logic - [pda_base_logic.py:257] - El círculo de carga finalizó. Retomando automatización...
2026-05-04 17:11:07,312 - INFO - features.pda_extractor.pda_sucursales_logic - [pda_sucursales_logic.py:79] - [Paso 5] Verificando disponibilidad de sucursales para 0910007509...
2026-05-04 17:11:07,315 - INFO - features.pda_extractor.pda_sucursales_logic - [pda_sucursales_logic.py:87] - [Paso 5] Cierre de ciclo: Popup 'Sin sucursales' detectado. Cerrando...
2026-05-04 17:11:11,300 - INFO - features.pda_extractor.workflow_result_handler - [workflow_result_handler.py:207] - Datos guardados en BD para cédula 0910007509.
2026-05-04 17:11:11,300 - INFO - features.pda_extractor.workflow_result_handler - [workflow_result_handler.py:353] - [Evasión Anti-Bot] Pausa táctica normal de 3.8 segundos...
2026-05-04 17:11:15,093 - INFO - features.pda_extractor.pda_extractor_workflow - [pda_extractor_workflow.py:220] - --- Iniciando validación de cédula: 0910007566 ---
2026-05-04 17:11:15,981 - WARNING - features.pda_extractor.pda_base_logic - [pda_base_logic.py:252] - Círculo de carga detectado. El servidor de Claro está experimentando lentitud.
2026-05-04 17:11:16,995 - INFO - features.pda_extractor.pda_base_logic - [pda_base_logic.py:257] - El círculo de carga finalizó. Retomando automatización...
2026-05-04 17:11:23,222 - INFO - features.pda_extractor.pda_domicilio_logic - [pda_domicilio_logic.py:48] - [Paso 2] Botón Domicilio ACTIVO para 0910007566. Accediendo...
2026-05-04 17:11:25,363 - INFO - features.pda_extractor.pda_domicilio_logic - [pda_domicilio_logic.py:65] - Alertas en cascada interceptadas y destruidas limpiamente.
2026-05-04 17:11:27,003 - INFO - features.pda_extractor.pda_domicilio_logic - [pda_domicilio_logic.py:109] - Domicilio extraído - Ciudad: GUAYAQUIL | Dir: NN (Ref: |NN
2026-05-04 17:11:28,545 - INFO - features.pda_extractor.pda_domicilio_logic - [pda_domicilio_logic.py:242] - Select 'provincias' tiene datos originales válidos ('guayas'). Se respeta el valor de Claro.
2026-05-04 17:11:28,597 - INFO - features.pda_extractor.pda_domicilio_logic - [pda_domicilio_logic.py:242] - Select 'cantones' tiene datos originales válidos ('guayaquil'). Se respeta el valor de Claro.
2026-05-04 17:11:30,130 - INFO - features.pda_extractor.pda_domicilio_logic - [pda_domicilio_logic.py:343] - Parroquia válida detectada. Aplicando inyección de eventos Ionic...
2026-05-04 17:11:36,319 - INFO - features.pda_extractor.pda_domicilio_logic - [pda_domicilio_logic.py:185] - Clic humano en 'referencia' ejecutado exitosamente para descongelar Domicilio.
2026-05-04 17:11:36,901 - INFO - features.pda_extractor.pda_sucursales_logic - [pda_sucursales_logic.py:32] - [Paso 4b] Botón Sucursales ACTIVO. Accediendo...
2026-05-04 17:11:37,111 - WARNING - features.pda_extractor.pda_base_logic - [pda_base_logic.py:252] - Círculo de carga detectado. El servidor de Claro está experimentando lentitud.
2026-05-04 17:11:37,620 - INFO - features.pda_extractor.pda_base_logic - [pda_base_logic.py:257] - El círculo de carga finalizó. Retomando automatización...
2026-05-04 17:11:37,620 - INFO - features.pda_extractor.pda_sucursales_logic - [pda_sucursales_logic.py:79] - [Paso 5] Verificando disponibilidad de sucursales para 0910007566...
2026-05-04 17:11:37,624 - INFO - features.pda_extractor.pda_sucursales_logic - [pda_sucursales_logic.py:87] - [Paso 5] Cierre de ciclo: Popup 'Sin sucursales' detectado. Cerrando...
2026-05-04 17:11:41,591 - INFO - features.pda_extractor.workflow_result_handler - [workflow_result_handler.py:207] - Datos guardados en BD para cédula 0910007566.
2026-05-04 17:11:41,591 - INFO - features.pda_extractor.workflow_result_handler - [workflow_result_handler.py:353] - [Evasión Anti-Bot] Pausa táctica normal de 2.2 segundos...
2026-05-04 17:11:43,835 - INFO - features.pda_extractor.pda_extractor_workflow - [pda_extractor_workflow.py:220] - --- Iniciando validación de cédula: 0910007608 ---
2026-05-04 17:11:44,716 - WARNING - features.pda_extractor.pda_base_logic - [pda_base_logic.py:252] - Círculo de carga detectado. El servidor de Claro está experimentando lentitud.
2026-05-04 17:11:45,730 - INFO - features.pda_extractor.pda_base_logic - [pda_base_logic.py:257] - El círculo de carga finalizó. Retomando automatización...
2026-05-04 17:11:51,983 - INFO - features.pda_extractor.pda_domicilio_logic - [pda_domicilio_logic.py:48] - [Paso 2] Botón Domicilio ACTIVO para 0910007608. Accediendo...
2026-05-04 17:11:54,135 - INFO - features.pda_extractor.pda_domicilio_logic - [pda_domicilio_logic.py:65] - Alertas en cascada interceptadas y destruidas limpiamente.
2026-05-04 17:11:55,757 - INFO - features.pda_extractor.pda_domicilio_logic - [pda_domicilio_logic.py:109] - Domicilio extraído - Ciudad: GUAYAQUIL | Dir: GOMEZ RENDON Nro: 1324
2026-05-04 17:11:57,299 - INFO - features.pda_extractor.pda_domicilio_logic - [pda_domicilio_logic.py:242] - Select 'provincias' tiene datos originales válidos ('guayas'). Se respeta el valor de Claro.
2026-05-04 17:11:57,341 - INFO - features.pda_extractor.pda_domicilio_logic - [pda_domicilio_logic.py:242] - Select 'cantones' tiene datos originales válidos ('guayaquil'). Se respeta el valor de Claro.
2026-05-04 17:11:57,363 - INFO - features.pda_extractor.pda_domicilio_logic - [pda_domicilio_logic.py:307] - Parroquia ya tiene datos originales válidos ('urdaneta'). Se respeta el valor de Claro.
2026-05-04 17:12:00,758 - INFO - features.pda_extractor.pda_domicilio_logic - [pda_domicilio_logic.py:185] - Clic humano en 'referencia' ejecutado exitosamente para descongelar Domicilio.
2026-05-04 17:12:01,326 - INFO - features.pda_extractor.pda_sucursales_logic - [pda_sucursales_logic.py:32] - [Paso 4b] Botón Sucursales ACTIVO. Accediendo...
2026-05-04 17:12:01,536 - WARNING - features.pda_extractor.pda_base_logic - [pda_base_logic.py:252] - Círculo de carga detectado. El servidor de Claro está experimentando lentitud.
2026-05-04 17:12:03,050 - INFO - features.pda_extractor.pda_base_logic - [pda_base_logic.py:257] - El círculo de carga finalizó. Retomando automatización...
2026-05-04 17:12:03,050 - INFO - features.pda_extractor.pda_sucursales_logic - [pda_sucursales_logic.py:79] - [Paso 5] Verificando disponibilidad de sucursales para 0910007608...
2026-05-04 17:12:03,054 - INFO - features.pda_extractor.pda_sucursales_logic - [pda_sucursales_logic.py:93] - En pantalla de Sucursales. Iniciando Navegación Profunda de Bóveda (Acordeón)...
2026-05-04 17:12:18,657 - INFO - features.pda_extractor.pda_sucursales_logic - [pda_sucursales_logic.py:294] - Extractor atómico recuperó 3 sucursales.
2026-05-04 17:12:21,245 - INFO - features.pda_extractor.pda_extractor_logic - [pda_extractor_logic.py:344] - Limpieza profunda de memoria (RAM/Caché) completada para 0910007608 (Ciclo 10).
2026-05-04 17:12:21,246 - INFO - features.pda_extractor.workflow_result_handler - [workflow_result_handler.py:207] - Datos guardados en BD para cédula 0910007608.
2026-05-04 17:12:21,246 - INFO - features.pda_extractor.workflow_result_handler - [workflow_result_handler.py:353] - [Evasión Anti-Bot] Pausa táctica normal de 4.0 segundos...
2026-05-04 17:12:25,235 - INFO - features.pda_extractor.pda_extractor_workflow - [pda_extractor_workflow.py:220] - --- Iniciando validación de cédula: 0910007632 ---
2026-05-04 17:12:26,161 - WARNING - features.pda_extractor.pda_base_logic - [pda_base_logic.py:252] - Círculo de carga detectado. El servidor de Claro está experimentando lentitud.
2026-05-04 17:12:27,173 - INFO - features.pda_extractor.pda_base_logic - [pda_base_logic.py:257] - El círculo de carga finalizó. Retomando automatización...
2026-05-04 17:12:33,417 - INFO - features.pda_extractor.pda_domicilio_logic - [pda_domicilio_logic.py:48] - [Paso 2] Botón Domicilio ACTIVO para 0910007632. Accediendo...
2026-05-04 17:12:35,560 - INFO - features.pda_extractor.pda_domicilio_logic - [pda_domicilio_logic.py:65] - Alertas en cascada interceptadas y destruidas limpiamente.
2026-05-04 17:12:37,184 - INFO - features.pda_extractor.pda_domicilio_logic - [pda_domicilio_logic.py:109] - Domicilio extraído - Ciudad: QUITO | Dir: NN (Ref: |NN
2026-05-04 17:12:38,745 - INFO - features.pda_extractor.pda_domicilio_logic - [pda_domicilio_logic.py:242] - Select 'provincias' tiene datos originales válidos ('pichincha'). Se respeta el valor de Claro.
2026-05-04 17:12:38,774 - INFO - features.pda_extractor.pda_domicilio_logic - [pda_domicilio_logic.py:242] - Select 'cantones' tiene datos originales válidos ('quito'). Se respeta el valor de Claro.
2026-05-04 17:12:40,557 - INFO - features.pda_extractor.pda_domicilio_logic - [pda_domicilio_logic.py:343] - Parroquia válida detectada. Aplicando inyección de eventos Ionic...
2026-05-04 17:12:46,773 - INFO - features.pda_extractor.pda_domicilio_logic - [pda_domicilio_logic.py:185] - Clic humano en 'referencia' ejecutado exitosamente para descongelar Domicilio.
2026-05-04 17:12:47,304 - INFO - features.pda_extractor.pda_sucursales_logic - [pda_sucursales_logic.py:32] - [Paso 4b] Botón Sucursales ACTIVO. Accediendo...
2026-05-04 17:12:47,515 - WARNING - features.pda_extractor.pda_base_logic - [pda_base_logic.py:252] - Círculo de carga detectado. El servidor de Claro está experimentando lentitud.
2026-05-04 17:12:48,029 - INFO - features.pda_extractor.pda_base_logic - [pda_base_logic.py:257] - El círculo de carga finalizó. Retomando automatización...
2026-05-04 17:12:48,029 - INFO - features.pda_extractor.pda_sucursales_logic - [pda_sucursales_logic.py:79] - [Paso 5] Verificando disponibilidad de sucursales para 0910007632...
2026-05-04 17:12:48,033 - INFO - features.pda_extractor.pda_sucursales_logic - [pda_sucursales_logic.py:87] - [Paso 5] Cierre de ciclo: Popup 'Sin sucursales' detectado. Cerrando...
2026-05-04 17:12:51,995 - INFO - features.pda_extractor.workflow_result_handler - [workflow_result_handler.py:207] - Datos guardados en BD para cédula 0910007632.
2026-05-04 17:12:51,995 - INFO - features.pda_extractor.workflow_result_handler - [workflow_result_handler.py:353] - [Evasión Anti-Bot] Pausa táctica normal de 2.1 segundos...
2026-05-04 17:12:54,139 - INFO - features.pda_extractor.pda_extractor_workflow - [pda_extractor_workflow.py:220] - --- Iniciando validación de cédula: 0910007681 ---
2026-05-04 17:12:55,017 - WARNING - features.pda_extractor.pda_base_logic - [pda_base_logic.py:252] - Círculo de carga detectado. El servidor de Claro está experimentando lentitud.
2026-05-04 17:12:56,535 - INFO - features.pda_extractor.pda_base_logic - [pda_base_logic.py:257] - El círculo de carga finalizó. Retomando automatización...
2026-05-04 17:13:02,732 - INFO - features.pda_extractor.pda_domicilio_logic - [pda_domicilio_logic.py:48] - [Paso 2] Botón Domicilio ACTIVO para 0910007681. Accediendo...
2026-05-04 17:13:04,873 - INFO - features.pda_extractor.pda_domicilio_logic - [pda_domicilio_logic.py:65] - Alertas en cascada interceptadas y destruidas limpiamente.
2026-05-04 17:13:06,559 - INFO - features.pda_extractor.pda_domicilio_logic - [pda_domicilio_logic.py:109] - Domicilio extraído - Ciudad:  | Dir: 
2026-05-04 17:13:08,248 - INFO - features.pda_extractor.pda_domicilio_logic - [pda_domicilio_logic.py:268] - Select 'provincias' sanado explícitamente (opción: por definir - no usar).
2026-05-04 17:13:08,255 - WARNING - features.pda_extractor.pda_base_logic - [pda_base_logic.py:252] - Círculo de carga detectado. El servidor de Claro está experimentando lentitud.
2026-05-04 17:13:09,269 - INFO - features.pda_extractor.pda_base_logic - [pda_base_logic.py:257] - El círculo de carga finalizó. Retomando automatización...
2026-05-04 17:13:10,860 - INFO - features.pda_extractor.pda_domicilio_logic - [pda_domicilio_logic.py:268] - Select 'cantones' sanado explícitamente (opción: por definir - no usar).
2026-05-04 17:13:10,865 - WARNING - features.pda_extractor.pda_base_logic - [pda_base_logic.py:252] - Círculo de carga detectado. El servidor de Claro está experimentando lentitud.
2026-05-04 17:13:11,876 - INFO - features.pda_extractor.pda_base_logic - [pda_base_logic.py:257] - El círculo de carga finalizó. Retomando automatización...
2026-05-04 17:13:15,721 - INFO - features.pda_extractor.pda_domicilio_logic - [pda_domicilio_logic.py:343] - Parroquia válida detectada. Aplicando inyección de eventos Ionic...
2026-05-04 17:13:22,051 - INFO - features.pda_extractor.pda_domicilio_logic - [pda_domicilio_logic.py:185] - Clic humano en 'referencia' ejecutado exitosamente para descongelar Domicilio.
2026-05-04 17:13:22,582 - INFO - features.pda_extractor.pda_sucursales_logic - [pda_sucursales_logic.py:32] - [Paso 4b] Botón Sucursales ACTIVO. Accediendo...
2026-05-04 17:13:22,792 - WARNING - features.pda_extractor.pda_base_logic - [pda_base_logic.py:252] - Círculo de carga detectado. El servidor de Claro está experimentando lentitud.
2026-05-04 17:13:24,817 - INFO - features.pda_extractor.pda_base_logic - [pda_base_logic.py:257] - El círculo de carga finalizó. Retomando automatización...
2026-05-04 17:13:24,817 - INFO - features.pda_extractor.pda_sucursales_logic - [pda_sucursales_logic.py:79] - [Paso 5] Verificando disponibilidad de sucursales para 0910007681...
2026-05-04 17:13:24,821 - INFO - features.pda_extractor.pda_sucursales_logic - [pda_sucursales_logic.py:93] - En pantalla de Sucursales. Iniciando Navegación Profunda de Bóveda (Acordeón)...
2026-05-04 17:13:30,148 - INFO - features.pda_extractor.pda_sucursales_logic - [pda_sucursales_logic.py:294] - Extractor atómico recuperó 1 sucursales.
2026-05-04 17:13:32,712 - INFO - features.pda_extractor.workflow_result_handler - [workflow_result_handler.py:207] - Datos guardados en BD para cédula 0910007681.
2026-05-04 17:13:32,712 - INFO - features.pda_extractor.workflow_result_handler - [workflow_result_handler.py:353] - [Evasión Anti-Bot] Pausa táctica normal de 2.5 segundos...
2026-05-04 17:13:35,217 - INFO - features.pda_extractor.pda_extractor_workflow - [pda_extractor_workflow.py:220] - --- Iniciando validación de cédula: 0910007699 ---
2026-05-04 17:13:36,120 - WARNING - features.pda_extractor.pda_base_logic - [pda_base_logic.py:252] - Círculo de carga detectado. El servidor de Claro está experimentando lentitud.
2026-05-04 17:13:37,133 - INFO - features.pda_extractor.pda_base_logic - [pda_base_logic.py:257] - El círculo de carga finalizó. Retomando automatización...
2026-05-04 17:13:43,939 - INFO - features.pda_extractor.pda_domicilio_logic - [pda_domicilio_logic.py:48] - [Paso 2] Botón Domicilio ACTIVO para 0910007699. Accediendo...
2026-05-04 17:13:46,083 - INFO - features.pda_extractor.pda_domicilio_logic - [pda_domicilio_logic.py:65] - Alertas en cascada interceptadas y destruidas limpiamente.
2026-05-04 17:13:47,714 - INFO - features.pda_extractor.pda_domicilio_logic - [pda_domicilio_logic.py:109] - Domicilio extraído - Ciudad: GUAYAQUIL | Dir: Por definir - No usar Nro: villa:15
2026-05-04 17:13:49,277 - INFO - features.pda_extractor.pda_domicilio_logic - [pda_domicilio_logic.py:242] - Select 'provincias' tiene datos originales válidos ('guayas'). Se respeta el valor de Claro.
2026-05-04 17:13:49,336 - INFO - features.pda_extractor.pda_domicilio_logic - [pda_domicilio_logic.py:242] - Select 'cantones' tiene datos originales válidos ('guayaquil'). Se respeta el valor de Claro.
2026-05-04 17:13:49,369 - INFO - features.pda_extractor.pda_domicilio_logic - [pda_domicilio_logic.py:307] - Parroquia ya tiene datos originales válidos ('tarqui'). Se respeta el valor de Claro.
2026-05-04 17:13:52,967 - INFO - features.pda_extractor.pda_domicilio_logic - [pda_domicilio_logic.py:185] - Clic humano en 'referencia' ejecutado exitosamente para descongelar Domicilio.
2026-05-04 17:13:53,505 - INFO - features.pda_extractor.pda_sucursales_logic - [pda_sucursales_logic.py:32] - [Paso 4b] Botón Sucursales ACTIVO. Accediendo...
2026-05-04 17:13:53,717 - WARNING - features.pda_extractor.pda_base_logic - [pda_base_logic.py:252] - Círculo de carga detectado. El servidor de Claro está experimentando lentitud.
2026-05-04 17:13:59,769 - INFO - features.pda_extractor.pda_base_logic - [pda_base_logic.py:257] - El círculo de carga finalizó. Retomando automatización...
2026-05-04 17:13:59,769 - INFO - features.pda_extractor.pda_sucursales_logic - [pda_sucursales_logic.py:79] - [Paso 5] Verificando disponibilidad de sucursales para 0910007699...
2026-05-04 17:13:59,772 - INFO - features.pda_extractor.pda_sucursales_logic - [pda_sucursales_logic.py:93] - En pantalla de Sucursales. Iniciando Navegación Profunda de Bóveda (Acordeón)...
2026-05-04 17:14:05,090 - INFO - features.pda_extractor.pda_sucursales_logic - [pda_sucursales_logic.py:294] - Extractor atómico recuperó 1 sucursales.
2026-05-04 17:14:07,612 - INFO - features.pda_extractor.workflow_result_handler - [workflow_result_handler.py:207] - Datos guardados en BD para cédula 0910007699.
2026-05-04 17:14:07,612 - INFO - features.pda_extractor.workflow_result_handler - [workflow_result_handler.py:353] - [Evasión Anti-Bot] Pausa táctica normal de 3.4 segundos...
2026-05-04 17:14:11,021 - INFO - features.pda_extractor.pda_extractor_workflow - [pda_extractor_workflow.py:220] - --- Iniciando validación de cédula: 0910007822 ---
2026-05-04 17:14:11,918 - WARNING - features.pda_extractor.pda_base_logic - [pda_base_logic.py:252] - Círculo de carga detectado. El servidor de Claro está experimentando lentitud.
2026-05-04 17:14:13,437 - INFO - features.pda_extractor.pda_base_logic - [pda_base_logic.py:257] - El círculo de carga finalizó. Retomando automatización...
2026-05-04 17:14:19,643 - INFO - features.pda_extractor.pda_domicilio_logic - [pda_domicilio_logic.py:48] - [Paso 2] Botón Domicilio ACTIVO para 0910007822. Accediendo...
2026-05-04 17:14:21,787 - INFO - features.pda_extractor.pda_domicilio_logic - [pda_domicilio_logic.py:65] - Alertas en cascada interceptadas y destruidas limpiamente.
2026-05-04 17:14:23,477 - INFO - features.pda_extractor.pda_domicilio_logic - [pda_domicilio_logic.py:109] - Domicilio extraído - Ciudad:  | Dir: 
2026-05-04 17:14:25,175 - INFO - features.pda_extractor.pda_domicilio_logic - [pda_domicilio_logic.py:268] - Select 'provincias' sanado explícitamente (opción: por definir - no usar).
2026-05-04 17:14:25,186 - WARNING - features.pda_extractor.pda_base_logic - [pda_base_logic.py:252] - Círculo de carga detectado. El servidor de Claro está experimentando lentitud.
2026-05-04 17:14:26,197 - INFO - features.pda_extractor.pda_base_logic - [pda_base_logic.py:257] - El círculo de carga finalizó. Retomando automatización...
2026-05-04 17:14:27,783 - INFO - features.pda_extractor.pda_domicilio_logic - [pda_domicilio_logic.py:268] - Select 'cantones' sanado explícitamente (opción: por definir - no usar).
2026-05-04 17:14:27,790 - WARNING - features.pda_extractor.pda_base_logic - [pda_base_logic.py:252] - Círculo de carga detectado. El servidor de Claro está experimentando lentitud.
2026-05-04 17:14:28,802 - INFO - features.pda_extractor.pda_base_logic - [pda_base_logic.py:257] - El círculo de carga finalizó. Retomando automatización...
2026-05-04 17:14:32,653 - INFO - features.pda_extractor.pda_domicilio_logic - [pda_domicilio_logic.py:343] - Parroquia válida detectada. Aplicando inyección de eventos Ionic...
2026-05-04 17:14:39,007 - INFO - features.pda_extractor.pda_domicilio_logic - [pda_domicilio_logic.py:185] - Clic humano en 'referencia' ejecutado exitosamente para descongelar Domicilio.
2026-05-04 17:14:39,537 - INFO - features.pda_extractor.pda_sucursales_logic - [pda_sucursales_logic.py:32] - [Paso 4b] Botón Sucursales ACTIVO. Accediendo...
2026-05-04 17:14:39,749 - WARNING - features.pda_extractor.pda_base_logic - [pda_base_logic.py:252] - Círculo de carga detectado. El servidor de Claro está experimentando lentitud.
2026-05-04 17:14:40,766 - INFO - features.pda_extractor.pda_base_logic - [pda_base_logic.py:257] - El círculo de carga finalizó. Retomando automatización...
2026-05-04 17:14:40,767 - INFO - features.pda_extractor.pda_sucursales_logic - [pda_sucursales_logic.py:79] - [Paso 5] Verificando disponibilidad de sucursales para 0910007822...
2026-05-04 17:14:40,771 - INFO - features.pda_extractor.pda_sucursales_logic - [pda_sucursales_logic.py:87] - [Paso 5] Cierre de ciclo: Popup 'Sin sucursales' detectado. Cerrando...
2026-05-04 17:14:44,734 - INFO - features.pda_extractor.workflow_result_handler - [workflow_result_handler.py:207] - Datos guardados en BD para cédula 0910007822.
2026-05-04 17:14:44,734 - INFO - features.pda_extractor.workflow_result_handler - [workflow_result_handler.py:353] - [Evasión Anti-Bot] Pausa táctica normal de 3.7 segundos...
2026-05-04 17:14:48,428 - INFO - features.pda_extractor.pda_extractor_workflow - [pda_extractor_workflow.py:220] - --- Iniciando validación de cédula: 0910007848 ---
2026-05-04 17:14:49,318 - WARNING - features.pda_extractor.pda_base_logic - [pda_base_logic.py:252] - Círculo de carga detectado. El servidor de Claro está experimentando lentitud.
2026-05-04 17:14:50,328 - INFO - features.pda_extractor.pda_base_logic - [pda_base_logic.py:257] - El círculo de carga finalizó. Retomando automatización...
2026-05-04 17:15:00,714 - INFO - features.pda_extractor.pda_domicilio_logic - [pda_domicilio_logic.py:207] - Botón Domicilio INACTIVO para 0910007848 (Formulario base incompleto). Omitiendo.
2026-05-04 17:15:02,332 - INFO - features.pda_extractor.pda_extractor_logic - [pda_extractor_logic.py:344] - Limpieza profunda de memoria (RAM/Caché) completada para 0910007848 (Ciclo 15).
2026-05-04 17:15:02,334 - INFO - features.pda_extractor.workflow_result_handler - [workflow_result_handler.py:207] - Datos guardados en BD para cédula 0910007848.
2026-05-04 17:15:02,334 - INFO - features.pda_extractor.workflow_result_handler - [workflow_result_handler.py:353] - [Evasión Anti-Bot] Pausa táctica normal de 2.6 segundos...
2026-05-04 17:15:04,949 - INFO - features.pda_extractor.pda_extractor_workflow - [pda_extractor_workflow.py:220] - --- Iniciando validación de cédula: 0910007962 ---
2026-05-04 17:15:05,921 - WARNING - features.pda_extractor.pda_base_logic - [pda_base_logic.py:252] - Círculo de carga detectado. El servidor de Claro está experimentando lentitud.
2026-05-04 17:15:06,935 - INFO - features.pda_extractor.pda_base_logic - [pda_base_logic.py:257] - El círculo de carga finalizó. Retomando automatización...
2026-05-04 17:15:13,156 - INFO - features.pda_extractor.pda_domicilio_logic - [pda_domicilio_logic.py:48] - [Paso 2] Botón Domicilio ACTIVO para 0910007962. Accediendo...
2026-05-04 17:15:15,304 - INFO - features.pda_extractor.pda_domicilio_logic - [pda_domicilio_logic.py:65] - Alertas en cascada interceptadas y destruidas limpiamente.
2026-05-04 17:15:16,932 - INFO - features.pda_extractor.pda_domicilio_logic - [pda_domicilio_logic.py:109] - Domicilio extraído - Ciudad: GUAYAQUIL | Dir: Por definir - No usar Nro: villa:25A
2026-05-04 17:15:18,491 - INFO - features.pda_extractor.pda_domicilio_logic - [pda_domicilio_logic.py:242] - Select 'provincias' tiene datos originales válidos ('guayas'). Se respeta el valor de Claro.
2026-05-04 17:15:18,550 - INFO - features.pda_extractor.pda_domicilio_logic - [pda_domicilio_logic.py:242] - Select 'cantones' tiene datos originales válidos ('guayaquil'). Se respeta el valor de Claro.
2026-05-04 17:15:18,572 - INFO - features.pda_extractor.pda_domicilio_logic - [pda_domicilio_logic.py:307] - Parroquia ya tiene datos originales válidos ('tarqui'). Se respeta el valor de Claro.
2026-05-04 17:15:22,137 - INFO - features.pda_extractor.pda_domicilio_logic - [pda_domicilio_logic.py:185] - Clic humano en 'referencia' ejecutado exitosamente para descongelar Domicilio.
2026-05-04 17:15:22,669 - INFO - features.pda_extractor.pda_sucursales_logic - [pda_sucursales_logic.py:32] - [Paso 4b] Botón Sucursales ACTIVO. Accediendo...
2026-05-04 17:15:22,882 - WARNING - features.pda_extractor.pda_base_logic - [pda_base_logic.py:252] - Círculo de carga detectado. El servidor de Claro está experimentando lentitud.
2026-05-04 17:15:25,408 - INFO - features.pda_extractor.pda_base_logic - [pda_base_logic.py:257] - El círculo de carga finalizó. Retomando automatización...
2026-05-04 17:15:25,409 - INFO - features.pda_extractor.pda_sucursales_logic - [pda_sucursales_logic.py:79] - [Paso 5] Verificando disponibilidad de sucursales para 0910007962...
2026-05-04 17:15:25,412 - INFO - features.pda_extractor.pda_sucursales_logic - [pda_sucursales_logic.py:93] - En pantalla de Sucursales. Iniciando Navegación Profunda de Bóveda (Acordeón)...
2026-05-04 17:15:31,944 - INFO - features.pda_extractor.pda_sucursales_logic - [pda_sucursales_logic.py:294] - Extractor atómico recuperó 1 sucursales.
2026-05-04 17:15:34,500 - INFO - features.pda_extractor.workflow_result_handler - [workflow_result_handler.py:207] - Datos guardados en BD para cédula 0910007962.
2026-05-04 17:15:34,501 - INFO - features.pda_extractor.workflow_result_handler - [workflow_result_handler.py:353] - [Evasión Anti-Bot] Pausa táctica normal de 3.5 segundos...
2026-05-04 17:15:38,054 - INFO - features.pda_extractor.pda_extractor_workflow - [pda_extractor_workflow.py:220] - --- Iniciando validación de cédula: 0910007970 ---
2026-05-04 17:15:38,938 - WARNING - features.pda_extractor.pda_base_logic - [pda_base_logic.py:252] - Círculo de carga detectado. El servidor de Claro está experimentando lentitud.
2026-05-04 17:15:39,951 - INFO - features.pda_extractor.pda_base_logic - [pda_base_logic.py:257] - El círculo de carga finalizó. Retomando automatización...
2026-05-04 17:15:46,162 - INFO - features.pda_extractor.pda_domicilio_logic - [pda_domicilio_logic.py:48] - [Paso 2] Botón Domicilio ACTIVO para 0910007970. Accediendo...
2026-05-04 17:15:48,315 - INFO - features.pda_extractor.pda_domicilio_logic - [pda_domicilio_logic.py:65] - Alertas en cascada interceptadas y destruidas limpiamente.
2026-05-04 17:15:49,979 - INFO - features.pda_extractor.pda_domicilio_logic - [pda_domicilio_logic.py:109] - Domicilio extraído - Ciudad: SALINAS | Dir: Por definir - No us
2026-05-04 17:15:51,600 - INFO - features.pda_extractor.pda_domicilio_logic - [pda_domicilio_logic.py:242] - Select 'provincias' tiene datos originales válidos ('santa elena'). Se respeta el valor de Claro.
2026-05-04 17:15:51,621 - INFO - features.pda_extractor.pda_domicilio_logic - [pda_domicilio_logic.py:242] - Select 'cantones' tiene datos originales válidos ('salinas'). Se respeta el valor de Claro.
2026-05-04 17:15:55,171 - INFO - features.pda_extractor.pda_domicilio_logic - [pda_domicilio_logic.py:185] - Clic humano en 'referencia' ejecutado exitosamente para descongelar Domicilio.
2026-05-04 17:15:55,701 - INFO - features.pda_extractor.pda_sucursales_logic - [pda_sucursales_logic.py:32] - [Paso 4b] Botón Sucursales ACTIVO. Accediendo...
2026-05-04 17:15:55,911 - WARNING - features.pda_extractor.pda_base_logic - [pda_base_logic.py:252] - Círculo de carga detectado. El servidor de Claro está experimentando lentitud.
2026-05-04 17:15:56,418 - INFO - features.pda_extractor.pda_base_logic - [pda_base_logic.py:257] - El círculo de carga finalizó. Retomando automatización...
2026-05-04 17:15:56,419 - INFO - features.pda_extractor.pda_sucursales_logic - [pda_sucursales_logic.py:79] - [Paso 5] Verificando disponibilidad de sucursales para 0910007970...
2026-05-04 17:15:56,425 - INFO - features.pda_extractor.pda_sucursales_logic - [pda_sucursales_logic.py:87] - [Paso 5] Cierre de ciclo: Popup 'Sin sucursales' detectado. Cerrando...
2026-05-04 17:16:00,399 - INFO - features.pda_extractor.workflow_result_handler - [workflow_result_handler.py:207] - Datos guardados en BD para cédula 0910007970.
2026-05-04 17:16:00,400 - INFO - features.pda_extractor.workflow_result_handler - [workflow_result_handler.py:353] - [Evasión Anti-Bot] Pausa táctica normal de 3.7 segundos...
2026-05-04 17:16:04,148 - INFO - features.pda_extractor.pda_extractor_workflow - [pda_extractor_workflow.py:220] - --- Iniciando validación de cédula: 0910008051 ---
2026-05-04 17:16:04,150 - ERROR - features.pda_extractor.pda_extractor_service - [pda_extractor_service.py:96] - Error en el servicio PDA Extractor: Message: invalid session id: session deleted as the browser has closed the connection
from disconnected: not connected to DevTools
  (Session info: chrome=147.0.7727.138); For documentation on this error, please visit: https://www.selenium.dev/documentation/webdriver/troubleshooting/errors#invalidsessionidexception
Stacktrace:
	chromedriver!GetHandleVerifier [0xe8b373+10553]
	chromedriver!GetHandleVerifier [0xe8b4a4+10684]
	chromedriver!(No symbol) [0xc91e10]
	chromedriver!(No symbol) [0xc80d8e]
	chromedriver!(No symbol) [0xc9f8d9]
	chromedriver!(No symbol) [0xd03dbc]
	chromedriver!(No symbol) [0xd1a3a9]
	chromedriver!(No symbol) [0xcfd606]
	chromedriver!(No symbol) [0xcd0039]
	chromedriver!(No symbol) [0xcd0df4]
	chromedriver!GetHandleVerifier [0x110ddb4+292f94]
	chromedriver!GetHandleVerifier [0x110937d+28e55d]
	chromedriver!GetHandleVerifier [0x1128215+2ad3f5]
	chromedriver!GetHandleVerifier [0xea4c18+29df8]
	chromedriver!GetHandleVerifier [0xeac6fd+318dd]
	chromedriver!GetHandleVerifier [0xe93c78+18e58]
	chromedriver!GetHandleVerifier [0xe93e42+19022]
	chromedriver!GetHandleVerifier [0xe7d45f+263f]
	KERNEL32!BaseThreadInitThunk [0x762a5d49+19]
	ntdll!RtlInitializeExceptionChain [0x778dd83b+6b]
	ntdll!RtlGetAppContainerNamedObjectPath [0x778dd7c1+231]
Traceback (most recent call last):
  File "C:\Users\Usuario\Desktop\PDA\src\features\pda_extractor\pda_extractor_service.py", line 58, in extract_pda_data
    result_data = processor.process_cedula(cedula)
  File "C:\Users\Usuario\Desktop\PDA\src\features\pda_extractor\pda_extractor_logic.py", line 373, in process_cedula
    raise e
  File "C:\Users\Usuario\Desktop\PDA\src\features\pda_extractor\pda_extractor_logic.py", line 39, in process_cedula
    current_url = self.driver.current_url.lower()
                  ^^^^^^^^^^^^^^^^^^^^^^^
  File "C:\Users\Usuario\Desktop\Jubilo\venv\Lib\site-packages\selenium\webdriver\remote\webdriver.py", line 587, in current_url
    return self.execute(Command.GET_CURRENT_URL)["value"]
           ~~~~~~~~~~~~^^^^^^^^^^^^^^^^^^^^^^^^^
  File "C:\Users\Usuario\Desktop\Jubilo\venv\Lib\site-packages\selenium\webdriver\remote\webdriver.py", line 458, in execute
    self.error_handler.check_response(response)
    ~~~~~~~~~~~~~~~~~~~~~~~~~~~~~~~~~^^^^^^^^^^
  File "C:\Users\Usuario\Desktop\Jubilo\venv\Lib\site-packages\selenium\webdriver\remote\errorhandler.py", line 233, in check_response
    raise exception_class(message, screen, stacktrace)
selenium.common.exceptions.InvalidSessionIdException: Message: invalid session id: session deleted as the browser has closed the connection
from disconnected: not connected to DevTools
  (Session info: chrome=147.0.7727.138); For documentation on this error, please visit: https://www.selenium.dev/documentation/webdriver/troubleshooting/errors#invalidsessionidexception
Stacktrace:
	chromedriver!GetHandleVerifier [0xe8b373+10553]
	chromedriver!GetHandleVerifier [0xe8b4a4+10684]
	chromedriver!(No symbol) [0xc91e10]
	chromedriver!(No symbol) [0xc80d8e]
	chromedriver!(No symbol) [0xc9f8d9]
	chromedriver!(No symbol) [0xd03dbc]
	chromedriver!(No symbol) [0xd1a3a9]
	chromedriver!(No symbol) [0xcfd606]
	chromedriver!(No symbol) [0xcd0039]
	chromedriver!(No symbol) [0xcd0df4]
	chromedriver!GetHandleVerifier [0x110ddb4+292f94]
	chromedriver!GetHandleVerifier [0x110937d+28e55d]
	chromedriver!GetHandleVerifier [0x1128215+2ad3f5]
	chromedriver!GetHandleVerifier [0xea4c18+29df8]
	chromedriver!GetHandleVerifier [0xeac6fd+318dd]
	chromedriver!GetHandleVerifier [0xe93c78+18e58]
	chromedriver!GetHandleVerifier [0xe93e42+19022]
	chromedriver!GetHandleVerifier [0xe7d45f+263f]
	KERNEL32!BaseThreadInitThunk [0x762a5d49+19]
	ntdll!RtlInitializeExceptionChain [0x778dd83b+6b]
	ntdll!RtlGetAppContainerNamedObjectPath [0x778dd7c1+231]

2026-05-04 17:16:04,153 - ERROR - features.pda_extractor.driver_manager - [driver_manager.py:218] - Error durante la ejecución del WebDriver: Message: invalid session id: session deleted as the browser has closed the connection
from disconnected: not connected to DevTools
  (Session info: chrome=147.0.7727.138); For documentation on this error, please visit: https://www.selenium.dev/documentation/webdriver/troubleshooting/errors#invalidsessionidexception
Stacktrace:
	chromedriver!GetHandleVerifier [0xe8b373+10553]
	chromedriver!GetHandleVerifier [0xe8b4a4+10684]
	chromedriver!(No symbol) [0xc91e10]
	chromedriver!(No symbol) [0xc80d8e]
	chromedriver!(No symbol) [0xc9f8d9]
	chromedriver!(No symbol) [0xd03dbc]
	chromedriver!(No symbol) [0xd1a3a9]
	chromedriver!(No symbol) [0xcfd606]
	chromedriver!(No symbol) [0xcd0039]
	chromedriver!(No symbol) [0xcd0df4]
	chromedriver!GetHandleVerifier [0x110ddb4+292f94]
	chromedriver!GetHandleVerifier [0x110937d+28e55d]
	chromedriver!GetHandleVerifier [0x1128215+2ad3f5]
	chromedriver!GetHandleVerifier [0xea4c18+29df8]
	chromedriver!GetHandleVerifier [0xeac6fd+318dd]
	chromedriver!GetHandleVerifier [0xe93c78+18e58]
	chromedriver!GetHandleVerifier [0xe93e42+19022]
	chromedriver!GetHandleVerifier [0xe7d45f+263f]
	KERNEL32!BaseThreadInitThunk [0x762a5d49+19]
	ntdll!RtlInitializeExceptionChain [0x778dd83b+6b]
	ntdll!RtlGetAppContainerNamedObjectPath [0x778dd7c1+231]
Traceback (most recent call last):
  File "C:\Users\Usuario\Desktop\PDA\src\features\pda_extractor\pda_extractor_service.py", line 58, in extract_pda_data
    result_data = processor.process_cedula(cedula)
  File "C:\Users\Usuario\Desktop\PDA\src\features\pda_extractor\pda_extractor_logic.py", line 373, in process_cedula
    raise e
  File "C:\Users\Usuario\Desktop\PDA\src\features\pda_extractor\pda_extractor_logic.py", line 39, in process_cedula
    current_url = self.driver.current_url.lower()
                  ^^^^^^^^^^^^^^^^^^^^^^^
  File "C:\Users\Usuario\Desktop\Jubilo\venv\Lib\site-packages\selenium\webdriver\remote\webdriver.py", line 587, in current_url
    return self.execute(Command.GET_CURRENT_URL)["value"]
           ~~~~~~~~~~~~^^^^^^^^^^^^^^^^^^^^^^^^^
  File "C:\Users\Usuario\Desktop\Jubilo\venv\Lib\site-packages\selenium\webdriver\remote\webdriver.py", line 458, in execute
    self.error_handler.check_response(response)
    ~~~~~~~~~~~~~~~~~~~~~~~~~~~~~~~~~^^^^^^^^^^
  File "C:\Users\Usuario\Desktop\Jubilo\venv\Lib\site-packages\selenium\webdriver\remote\errorhandler.py", line 233, in check_response
    raise exception_class(message, screen, stacktrace)
selenium.common.exceptions.InvalidSessionIdException: Message: invalid session id: session deleted as the browser has closed the connection
from disconnected: not connected to DevTools
  (Session info: chrome=147.0.7727.138); For documentation on this error, please visit: https://www.selenium.dev/documentation/webdriver/troubleshooting/errors#invalidsessionidexception
Stacktrace:
	chromedriver!GetHandleVerifier [0xe8b373+10553]
	chromedriver!GetHandleVerifier [0xe8b4a4+10684]
	chromedriver!(No symbol) [0xc91e10]
	chromedriver!(No symbol) [0xc80d8e]
	chromedriver!(No symbol) [0xc9f8d9]
	chromedriver!(No symbol) [0xd03dbc]
	chromedriver!(No symbol) [0xd1a3a9]
	chromedriver!(No symbol) [0xcfd606]
	chromedriver!(No symbol) [0xcd0039]
	chromedriver!(No symbol) [0xcd0df4]
	chromedriver!GetHandleVerifier [0x110ddb4+292f94]
	chromedriver!GetHandleVerifier [0x110937d+28e55d]
	chromedriver!GetHandleVerifier [0x1128215+2ad3f5]
	chromedriver!GetHandleVerifier [0xea4c18+29df8]
	chromedriver!GetHandleVerifier [0xeac6fd+318dd]
	chromedriver!GetHandleVerifier [0xe93c78+18e58]
	chromedriver!GetHandleVerifier [0xe93e42+19022]
	chromedriver!GetHandleVerifier [0xe7d45f+263f]
	KERNEL32!BaseThreadInitThunk [0x762a5d49+19]
	ntdll!RtlInitializeExceptionChain [0x778dd83b+6b]
	ntdll!RtlGetAppContainerNamedObjectPath [0x778dd7c1+231]

2026-05-04 17:16:04,154 - WARNING - features.pda_extractor.driver_manager - [driver_manager.py:248] - MODO DESARROLLO: El navegador se mantendrá abierto debido a un error crítico.
2026-05-04 17:16:04,154 - WARNING - features.pda_extractor.workflow_result_handler - [workflow_result_handler.py:79] - Interceptada excepción crítica de Selenium (InvalidSessionIdException). Activando Protocolo Fénix...
2026-05-04 17:16:04,154 - WARNING - features.pda_extractor.pda_extractor_workflow - [pda_extractor_workflow.py:322] - Ventana perdida o sesión inactiva. Iniciando Protocolo Fénix (Intento 1/2)...
2026-05-04 17:16:04,155 - INFO - features.pda_extractor.pda_workflow_executor - [pda_workflow_executor.py:146] - Protocolo Fénix: Reiniciando el entorno de automatización.
2026-05-04 17:16:04,156 - INFO - features.pda_extractor.driver_config - [driver_config.py:104] - Configurando para usar un perfil de Chrome temporal y limpio.
2026-05-04 17:16:06,119 - INFO - features.pda_extractor.driver_config - [driver_config.py:125] - WebDriver configurado exitosamente con webdriver-manager.
2026-05-04 17:16:08,593 - WARNING - features.pda_extractor.driver_manager - [driver_manager.py:386] - No se pudo restaurar la sesión: Message: no such window: target window already closed
from unknown error: web view not found
  (Session info: chrome=147.0.7727.138)
Stacktrace:
	chromedriver!GetHandleVerifier [0xe8b373+10553]
	chromedriver!GetHandleVerifier [0xe8b4a4+10684]
	chromedriver!(No symbol) [0xc91e10]
	chromedriver!(No symbol) [0xc70923]
	chromedriver!(No symbol) [0xd03bcb]
	chromedriver!(No symbol) [0xd1a3a9]
	chromedriver!(No symbol) [0xcfd606]
	chromedriver!(No symbol) [0xcd0039]
	chromedriver!(No symbol) [0xcd0df4]
	chromedriver!GetHandleVerifier [0x110ddb4+292f94]
	chromedriver!GetHandleVerifier [0x110937d+28e55d]
	chromedriver!GetHandleVerifier [0x1128215+2ad3f5]
	chromedriver!GetHandleVerifier [0xea4c18+29df8]
	chromedriver!GetHandleVerifier [0xeac6fd+318dd]
	chromedriver!GetHandleVerifier [0xe93c78+18e58]
	chromedriver!GetHandleVerifier [0xe93e42+19022]
	chromedriver!GetHandleVerifier [0xe7d45f+263f]
	KERNEL32!BaseThreadInitThunk [0x762a5d49+19]
	ntdll!RtlInitializeExceptionChain [0x778dd83b+6b]
	ntdll!RtlGetAppContainerNamedObjectPath [0x778dd7c1+231]

2026-05-04 17:16:08,594 - WARNING - features.pda_extractor.pda_workflow_executor - [pda_workflow_executor.py:50] - Error al inyectar URL inicial asíncrona: Message: no such window: target window already closed
from unknown error: web view not found
  (Session info: chrome=147.0.7727.138)
Stacktrace:
	chromedriver!GetHandleVerifier [0xe8b373+10553]
	chromedriver!GetHandleVerifier [0xe8b4a4+10684]
	chromedriver!(No symbol) [0xc91e10]
	chromedriver!(No symbol) [0xc70923]
	chromedriver!(No symbol) [0xd03bcb]
	chromedriver!(No symbol) [0xd1a3a9]
	chromedriver!(No symbol) [0xcfd606]
	chromedriver!(No symbol) [0xcd0039]
	chromedriver!(No symbol) [0xcd0df4]
	chromedriver!GetHandleVerifier [0x110ddb4+292f94]
	chromedriver!GetHandleVerifier [0x110937d+28e55d]
	chromedriver!GetHandleVerifier [0x1128215+2ad3f5]
	chromedriver!GetHandleVerifier [0xea4c18+29df8]
	chromedriver!GetHandleVerifier [0xeac6fd+318dd]
	chromedriver!GetHandleVerifier [0xe93c78+18e58]
	chromedriver!GetHandleVerifier [0xe93e42+19022]
	chromedriver!GetHandleVerifier [0xe7d45f+263f]
	KERNEL32!BaseThreadInitThunk [0x762a5d49+19]
	ntdll!RtlInitializeExceptionChain [0x778dd83b+6b]
	ntdll!RtlGetAppContainerNamedObjectPath [0x778dd7c1+231]

2026-05-04 17:16:08,595 - ERROR - features.pda_extractor.pda_workflow_executor - [pda_workflow_executor.py:59] - Fallo de vitalidad post-arranque: Message: no such window: target window already closed
from unknown error: web view not found
  (Session info: chrome=147.0.7727.138)
Stacktrace:
	chromedriver!GetHandleVerifier [0xe8b373+10553]
	chromedriver!GetHandleVerifier [0xe8b4a4+10684]
	chromedriver!(No symbol) [0xc91e10]
	chromedriver!(No symbol) [0xc70923]
	chromedriver!(No symbol) [0xd03bcb]
	chromedriver!(No symbol) [0xd1a3a9]
	chromedriver!(No symbol) [0xcfd606]
	chromedriver!(No symbol) [0xcd0039]
	chromedriver!(No symbol) [0xcd0df4]
	chromedriver!GetHandleVerifier [0x110ddb4+292f94]
	chromedriver!GetHandleVerifier [0x110937d+28e55d]
	chromedriver!GetHandleVerifier [0x1128215+2ad3f5]
	chromedriver!GetHandleVerifier [0xea4c18+29df8]
	chromedriver!GetHandleVerifier [0xeac6fd+318dd]
	chromedriver!GetHandleVerifier [0xe93c78+18e58]
	chromedriver!GetHandleVerifier [0xe93e42+19022]
	chromedriver!GetHandleVerifier [0xe7d45f+263f]
	KERNEL32!BaseThreadInitThunk [0x762a5d49+19]
	ntdll!RtlInitializeExceptionChain [0x778dd83b+6b]
	ntdll!RtlGetAppContainerNamedObjectPath [0x778dd7c1+231]

2026-05-04 17:16:08,595 - ERROR - gui.worker_thread - [worker_thread.py:48] - Error en WorkerThread: NoSuchWindowException - Message: no such window: target window already closed
from unknown error: web view not found
  (Session info: chrome=147.0.7727.138)
Stacktrace:
	chromedriver!GetHandleVerifier [0xe8b373+10553]
	chromedriver!GetHandleVerifier [0xe8b4a4+10684]
	chromedriver!(No symbol) [0xc91e10]
	chromedriver!(No symbol) [0xc70923]
	chromedriver!(No symbol) [0xd03bcb]
	chromedriver!(No symbol) [0xd1a3a9]
	chromedriver!(No symbol) [0xcfd606]
	chromedriver!(No symbol) [0xcd0039]
	chromedriver!(No symbol) [0xcd0df4]
	chromedriver!GetHandleVerifier [0x110ddb4+292f94]
	chromedriver!GetHandleVerifier [0x110937d+28e55d]
	chromedriver!GetHandleVerifier [0x1128215+2ad3f5]
	chromedriver!GetHandleVerifier [0xea4c18+29df8]
	chromedriver!GetHandleVerifier [0xeac6fd+318dd]
	chromedriver!GetHandleVerifier [0xe93c78+18e58]
	chromedriver!GetHandleVerifier [0xe93e42+19022]
	chromedriver!GetHandleVerifier [0xe7d45f+263f]
	KERNEL32!BaseThreadInitThunk [0x762a5d49+19]
	ntdll!RtlInitializeExceptionChain [0x778dd83b+6b]
	ntdll!RtlGetAppContainerNamedObjectPath [0x778dd7c1+231]

2026-05-04 17:16:08,596 - CRITICAL - features.pda_extractor.pda_extractor_workflow - [pda_extractor_workflow.py:307] - Cierre manual detectado (NoSuchWindow). Omitiendo Fénix para permitir Auto-Kill.
2026-05-04 17:16:08,596 - CRITICAL - features.pda_extractor.workflow_result_handler - [workflow_result_handler.py:269] - Navegador cerrado manualmente por el usuario. Ejecutando Auto-Cierre (Auto-Kill) silencioso...
