2026-05-04 07:31:58,869 - INFO - core.database_manager - [database_manager.py:32] - Base de datos de la aplicación ubicada en: C:/Users/Usuario/AppData/Roaming/Business & Services/AsistenteContable\databases\actividades_usuario.db
2026-05-04 07:32:15,963 - INFO - features.pda_extractor.pda_extractor_workflow - [pda_extractor_workflow.py:229] - Aplicando Jitter de Arranque: 1739ms para desincronizar enjambre.
2026-05-04 07:32:17,764 - INFO - features.pda_extractor.driver_config - [driver_config.py:104] - Configurando para usar un perfil de Chrome temporal y limpio.
2026-05-04 07:32:19,941 - INFO - features.pda_extractor.driver_config - [driver_config.py:125] - WebDriver configurado exitosamente con webdriver-manager.
2026-05-04 07:32:20,034 - INFO - features.pda_extractor.pda_sequence_manager - [pda_sequence_manager.py:58] - Caché táctico: 563 cédulas previas cargadas. Se omitirán automáticamente.
2026-05-04 07:32:20,034 - INFO - features.pda_extractor.pda_extractor_workflow - [pda_extractor_workflow.py:282] - Flujo de trabajo iniciado. Cédula inicial: 'LOTE CARGADO (1 cédulas)'.
2026-05-04 07:32:22,772 - INFO - features.pda_extractor.driver_manager - [driver_manager.py:359] - ¡Sesión inyectada en el navegador virgen! Evadiendo autenticación SMS...
2026-05-04 07:32:27,083 - INFO - features.pda_extractor.driver_manager - [driver_manager.py:372] - Diagnóstico Post-Fénix: URL actual=https://sellingpoint.claro.com.ec/PT_pdaOne/#/login, Claves en Memoria=0
2026-05-04 07:32:32,105 - WARNING - features.pda_extractor.pda_extractor_workflow - [pda_extractor_workflow.py:155] - Tokens expirados o inválidos. Se requiere autenticación manual.
2026-05-04 07:32:32,110 - INFO - features.pda_extractor.workflow_result_handler - [workflow_result_handler.py:163] - Inicialización completada. Esperando validación manual de PDA...
2026-05-04 07:33:12,239 - INFO - features.pda_extractor.driver_manager - [driver_manager.py:326] - Sesión Fénix (Tokens/Cookies) guardada exitosamente para rehidratación futura.
2026-05-04 07:33:12,239 - INFO - features.pda_extractor.workflow_result_handler - [workflow_result_handler.py:175] - PDA validada por el usuario. Reanudando extracción...
2026-05-04 07:33:12,239 - INFO - features.pda_extractor.workflow_result_handler - [workflow_result_handler.py:299] - [Evasión Anti-Bot] Pausa táctica normal de 2.5 segundos...
2026-05-04 07:33:14,703 - INFO - features.pda_extractor.pda_extractor_workflow - [pda_extractor_workflow.py:312] - --- Iniciando validación de cédula: 0910015346 ---
2026-05-04 07:33:15,652 - WARNING - features.pda_extractor.pda_base_logic - [pda_base_logic.py:251] - Círculo de carga detectado. El servidor de Claro está experimentando lentitud.
2026-05-04 07:33:16,662 - INFO - features.pda_extractor.pda_base_logic - [pda_base_logic.py:256] - El círculo de carga finalizó. Retomando automatización...
2026-05-04 07:33:20,733 - INFO - features.pda_extractor.pda_extractor_logic - [pda_extractor_logic.py:235] - Clonando móvil válido al Celular Principal para sanar UI.
2026-05-04 07:33:20,746 - INFO - features.pda_extractor.pda_extractor_logic - [pda_extractor_logic.py:240] - Clonando móvil válido al Contacto 2 para satisfacer UI.
2026-05-04 07:33:20,760 - INFO - features.pda_extractor.pda_extractor_logic - [pda_extractor_logic.py:253] - [Paso 1.5] Sincronizando posible popup de autoguardado...
2026-05-04 07:33:23,906 - INFO - features.pda_extractor.log_human_clicks_config - [log_human_clicks_config.py:12] - Inyectando logger de clics humanos para depuración (TRP)...
2026-05-04 07:33:23,909 - INFO - features.pda_extractor.log_human_clicks_config - [log_human_clicks_config.py:99] - Logger de clics inyectado exitosamente.
2026-05-04 07:33:23,909 - CRITICAL - features.pda_extractor.pda_extractor_logic - [pda_extractor_logic.py:287] - --- TRP ACTIVO --- El bot se ha detenido intencionalmente tras extraer datos.
