2026-05-04 07:40:31,341 - INFO - core.database_manager - [database_manager.py:32] - Base de datos de la aplicación ubicada en: C:/Users/Usuario/AppData/Roaming/Business & Services/AsistenteContable\databases\actividades_usuario.db
2026-05-04 07:40:52,939 - INFO - features.pda_extractor.pda_extractor_workflow - [pda_extractor_workflow.py:229] - Aplicando Jitter de Arranque: 2140ms para desincronizar enjambre.
2026-05-04 07:40:55,179 - INFO - features.pda_extractor.driver_config - [driver_config.py:104] - Configurando para usar un perfil de Chrome temporal y limpio.
2026-05-04 07:40:57,189 - INFO - features.pda_extractor.driver_config - [driver_config.py:125] - WebDriver configurado exitosamente con webdriver-manager.
2026-05-04 07:40:57,271 - INFO - features.pda_extractor.pda_sequence_manager - [pda_sequence_manager.py:58] - Caché táctico: 563 cédulas previas cargadas. Se omitirán automáticamente.
2026-05-04 07:40:57,271 - INFO - features.pda_extractor.pda_extractor_workflow - [pda_extractor_workflow.py:282] - Flujo de trabajo iniciado. Cédula inicial: 'LOTE CARGADO (1 cédulas)'.
2026-05-04 07:40:59,517 - INFO - features.pda_extractor.driver_manager - [driver_manager.py:359] - ¡Sesión inyectada en el navegador virgen! Evadiendo autenticación SMS...
2026-05-04 07:41:03,827 - INFO - features.pda_extractor.driver_manager - [driver_manager.py:372] - Diagnóstico Post-Fénix: URL actual=https://sellingpoint.claro.com.ec/PT_pdaOne/#/login, Claves en Memoria=0
2026-05-04 07:41:08,855 - WARNING - features.pda_extractor.pda_extractor_workflow - [pda_extractor_workflow.py:155] - Tokens expirados o inválidos. Se requiere autenticación manual.
2026-05-04 07:41:08,858 - INFO - features.pda_extractor.workflow_result_handler - [workflow_result_handler.py:163] - Inicialización completada. Esperando validación manual de PDA...
2026-05-04 07:41:45,974 - INFO - features.pda_extractor.driver_manager - [driver_manager.py:326] - Sesión Fénix (Tokens/Cookies) guardada exitosamente para rehidratación futura.
2026-05-04 07:41:45,974 - INFO - features.pda_extractor.workflow_result_handler - [workflow_result_handler.py:175] - PDA validada por el usuario. Reanudando extracción...
2026-05-04 07:41:45,974 - INFO - features.pda_extractor.workflow_result_handler - [workflow_result_handler.py:299] - [Evasión Anti-Bot] Pausa táctica normal de 3.9 segundos...
2026-05-04 07:41:49,904 - INFO - features.pda_extractor.pda_extractor_workflow - [pda_extractor_workflow.py:312] - --- Iniciando validación de cédula: 0910015270 ---
2026-05-04 07:41:50,844 - WARNING - features.pda_extractor.pda_base_logic - [pda_base_logic.py:251] - Círculo de carga detectado. El servidor de Claro está experimentando lentitud.
2026-05-04 07:41:51,858 - INFO - features.pda_extractor.pda_base_logic - [pda_base_logic.py:256] - El círculo de carga finalizó. Retomando automatización...
2026-05-04 07:41:55,947 - INFO - features.pda_extractor.pda_extractor_logic - [pda_extractor_logic.py:253] - [Paso 1.5] Sincronizando posible popup de autoguardado...
2026-05-04 07:41:59,104 - INFO - features.pda_extractor.log_human_clicks_config - [log_human_clicks_config.py:12] - Inyectando logger de clics humanos para depuración (TRP)...
2026-05-04 07:41:59,108 - INFO - features.pda_extractor.log_human_clicks_config - [log_human_clicks_config.py:99] - Logger de clics inyectado exitosamente.
2026-05-04 07:41:59,108 - CRITICAL - features.pda_extractor.pda_extractor_logic - [pda_extractor_logic.py:287] - --- TRP ACTIVO --- El bot se ha detenido intencionalmente. Haga clic en los botones de Claro y observe esta terminal.
2026-05-04 07:42:00,110 - CRITICAL - features.pda_extractor.pda_extractor_logic - [pda_extractor_logic.py:296] - 
[TRP PAYLOAD] console-api 4:16 "[ASISTENTE CONTABLE] Modo Reconocimiento Activado. Haga clic en los elementos del portal para obtener sus selectores."

2026-05-04 07:42:26,155 - CRITICAL - features.pda_extractor.pda_extractor_logic - [pda_extractor_logic.py:296] - 
[TRP PAYLOAD] console-api 77:20 "--- INICIO: ELEMENTO CLICKEADO POR HUMANO ---"

2026-05-04 07:42:26,156 - CRITICAL - features.pda_extractor.pda_extractor_logic - [pda_extractor_logic.py:296] - 
[TRP PAYLOAD] console-api 78:20 "{\n  \"TRP_TABLE_CONTEXT\": \"N/A\",\n  \"TRP_EVENT\": \"HUMAN_CLICK_DETECTED\",\n  \"Elemento Clickeado (Target)\": {\n    \"Selector\": \"input.standard-input.ng-valid.ng-dirty.ng-touched\",\n    \"Outer HTML\": \"\u003Cinput _ngcontent-uig-c6=\\\"\\\" class=\\\"standard-input ng-valid ng-dirty ng-touched\\\" formcontrolname=\\\"tlfConvencional1\\\" maxlength=\\\"10\\\" placeholder=\\\"celular\\\" style=\\\"height: 40px;width: 100%;\\\" type=\\\"text\\\">\",\n    \"Parent Outer HTML\": \"\u003Cion-item _ngcontent-uig-c6=\\\"\\\" lines=\\\"none\\\" class=\\\"item md item-lines-none ion-focusable hydrated\\\">\u003Cinput _ngcontent-uig-c6=\\\"\\\" class=\\\"standard-input ng-valid ng-dirty ng-touched\\\" formcontrolname=\\\"tlfConvencional1\\\" maxlength=\\\"10\\\" placeholder=\\\"celular\\\" style=\\\"height: 40px;width: 100%;\\\" type=\\\"text\\\">\u003C/ion-item>\",\n    \"Estilos Computados\": {\n      \"display\": \"block\",\n      \"visibility\": \"visible\",\n      \"opacity\": \"1\",\n      \"pointer-events\": \"auto\",\n      \"position\": \"static\",\n      \"top\": \"auto\",\n      \"left\": \"auto\",\n      \"width\": \"479.656px\",\n      \"height\": \"40px\"\n    }\n  }\n}"

2026-05-04 07:42:26,156 - CRITICAL - features.pda_extractor.pda_extractor_logic - [pda_extractor_logic.py:296] - 
[TRP PAYLOAD] console-api 79:20 "--- FIN: ELEMENTO CLICKEADO POR HUMANO ---"

2026-05-04 07:42:27,158 - CRITICAL - features.pda_extractor.pda_extractor_logic - [pda_extractor_logic.py:296] - 
[TRP PAYLOAD] console-api 77:20 "--- INICIO: ELEMENTO CLICKEADO POR HUMANO ---"

2026-05-04 07:42:27,158 - CRITICAL - features.pda_extractor.pda_extractor_logic - [pda_extractor_logic.py:296] - 
[TRP PAYLOAD] console-api 78:20 "{\n  \"TRP_TABLE_CONTEXT\": \"N/A\",\n  \"TRP_EVENT\": \"HUMAN_CLICK_DETECTED\",\n  \"Elemento Clickeado (Target)\": {\n    \"Selector\": \"input.standard-input.ng-valid.ng-dirty.ng-touched\",\n    \"Outer HTML\": \"\u003Cinput _ngcontent-uig-c6=\\\"\\\" class=\\\"standard-input ng-valid ng-dirty ng-touched\\\" formcontrolname=\\\"tlfConvencional1\\\" maxlength=\\\"10\\\" placeholder=\\\"celular\\\" style=\\\"height: 40px;width: 100%;\\\" type=\\\"text\\\">\",\n    \"Parent Outer HTML\": \"\u003Cion-item _ngcontent-uig-c6=\\\"\\\" lines=\\\"none\\\" class=\\\"item md item-lines-none ion-focusable hydrated\\\">\u003Cinput _ngcontent-uig-c6=\\\"\\\" class=\\\"standard-input ng-valid ng-dirty ng-touched\\\" formcontrolname=\\\"tlfConvencional1\\\" maxlength=\\\"10\\\" placeholder=\\\"celular\\\" style=\\\"height: 40px;width: 100%;\\\" type=\\\"text\\\">\u003C/ion-item>\",\n    \"Estilos Computados\": {\n      \"display\": \"block\",\n      \"visibility\": \"visible\",\n      \"opacity\": \"1\",\n      \"pointer-events\": \"auto\",\n      \"position\": \"static\",\n      \"top\": \"auto\",\n      \"left\": \"auto\",\n      \"width\": \"479.656px\",\n      \"height\": \"40px\"\n    }\n  }\n}"

2026-05-04 07:42:27,158 - CRITICAL - features.pda_extractor.pda_extractor_logic - [pda_extractor_logic.py:296] - 
[TRP PAYLOAD] console-api 79:20 "--- FIN: ELEMENTO CLICKEADO POR HUMANO ---"

2026-05-04 07:42:30,164 - CRITICAL - features.pda_extractor.pda_extractor_logic - [pda_extractor_logic.py:296] - 
[TRP PAYLOAD] console-api 77:20 "--- INICIO: ELEMENTO CLICKEADO POR HUMANO ---"

2026-05-04 07:42:30,165 - CRITICAL - features.pda_extractor.pda_extractor_logic - [pda_extractor_logic.py:296] - 
[TRP PAYLOAD] console-api 78:20 "{\n  \"TRP_TABLE_CONTEXT\": \"N/A\",\n  \"TRP_EVENT\": \"HUMAN_CLICK_DETECTED\",\n  \"Elemento Clickeado (Target)\": {\n    \"Selector\": \"input.standard-input.ng-valid.ng-dirty.ng-touched\",\n    \"Outer HTML\": \"\u003Cinput _ngcontent-uig-c6=\\\"\\\" class=\\\"standard-input ng-valid ng-dirty ng-touched\\\" formcontrolname=\\\"tlfConvencional2\\\" maxlength=\\\"10\\\" placeholder=\\\"Celular\\\" style=\\\"height: 40px;width: 100%;\\\" type=\\\"text\\\">\",\n    \"Parent Outer HTML\": \"\u003Cion-item _ngcontent-uig-c6=\\\"\\\" lines=\\\"none\\\" class=\\\"item md item-lines-none ion-focusable hydrated\\\">\u003Cinput _ngcontent-uig-c6=\\\"\\\" class=\\\"standard-input ng-valid ng-dirty ng-touched\\\" formcontrolname=\\\"tlfConvencional2\\\" maxlength=\\\"10\\\" placeholder=\\\"Celular\\\" style=\\\"height: 40px;width: 100%;\\\" type=\\\"text\\\">\u003C/ion-item>\",\n    \"Estilos Computados\": {\n      \"display\": \"block\",\n      \"visibility\": \"visible\",\n      \"opacity\": \"1\",\n      \"pointer-events\": \"auto\",\n      \"position\": \"static\",\n      \"top\": \"auto\",\n      \"left\": \"auto\",\n      \"width\": \"479.656px\",\n      \"height\": \"40px\"\n    }\n  }\n}"

2026-05-04 07:42:30,165 - CRITICAL - features.pda_extractor.pda_extractor_logic - [pda_extractor_logic.py:296] - 
[TRP PAYLOAD] console-api 79:20 "--- FIN: ELEMENTO CLICKEADO POR HUMANO ---"

2026-05-04 07:42:33,171 - CRITICAL - features.pda_extractor.pda_extractor_logic - [pda_extractor_logic.py:296] - 
[TRP PAYLOAD] console-api 77:20 "--- INICIO: ELEMENTO CLICKEADO POR HUMANO ---"

2026-05-04 07:42:33,172 - CRITICAL - features.pda_extractor.pda_extractor_logic - [pda_extractor_logic.py:296] - 
[TRP PAYLOAD] console-api 78:20 "{\n  \"TRP_TABLE_CONTEXT\": \"N/A\",\n  \"TRP_EVENT\": \"HUMAN_CLICK_DETECTED\",\n  \"Elemento Clickeado (Target)\": {\n    \"Selector\": \"ion-button.ion-color.ion-color-light.md.button.button-block.button-solid.ion-activatable.ion-focusable.hydrated.activated\",\n    \"Outer HTML\": \"\u003Cion-button _ngcontent-uig-c6=\\\"\\\" color=\\\"light\\\" expand=\\\"block\\\" type=\\\"submit\\\" class=\\\"ion-color ion-color-light md button button-block button-solid ion-activatable ion-focusable hydrated activated\\\"> Domicilio \u003Cion-icon _ngcontent-uig-c6=\\\"\\\" name=\\\"home\\\" slot=\\\"start\\\" role=\\\"img\\\" class=\\\"md hydrated\\\" aria-label=\\\"home\\\">\u003C/ion-icon>\u003C/ion-button>\",\n    \"Parent Outer HTML\": \"\u003Cion-col _ngcontent-uig-c6=\\\"\\\" size=\\\"6\\\" size-lg=\\\"6\\\" size-md=\\\"6\\\" size-xs=\\\"6\\\" class=\\\"md hydrated\\\" style=\\\"flex: 0 0 calc(calc(6 / var(--ion-grid-columns, 12)) * 100%); width: calc(calc(6 / var(--ion-grid-columns, 12)) * 100%); max-width: calc(calc(6 / var(--ion-grid-columns, 12)) * 100%);\\\">\u003Cion-button _ngcontent-uig-c6=\\\"\\\" color=\\\"light\\\" expand=\\\"block\\\" type=\\\"submit\\\" class=\\\"ion-color ion-color-light md button button-block button-solid ion-activatable ion-focusable hydrated activated\\\"> Domicilio \u003Cion-icon _ngcontent-uig-c6=\\\"\\\" name=\\\"home\\\" slot=\\\"start\\\" role=\\\"img\\\" class=\\\"md hydrated\\\" aria-label=\\\"home\\\">\u003C/ion-icon>\u003C/ion-button>\u003C/ion-col>\",\n    \"Estilos Computados\": {\n      \"display\": \"block\",\n      \"visibility\": \"visible\",\n      \"opacity\": \"1\",\n      \"pointer-events\": \"auto\",\n      \"position\": \"relative\",\n      \"top\": \"0px\",\n      \"left\": \"0px\",\n      \"width\": \"778.5px\",\n      \"height\": \"36px\"\n    }\n  }\n}"

2026-05-04 07:42:33,172 - CRITICAL - features.pda_extractor.pda_extractor_logic - [pda_extractor_logic.py:296] - 
[TRP PAYLOAD] console-api 79:20 "--- FIN: ELEMENTO CLICKEADO POR HUMANO ---"

2026-05-04 07:42:39,186 - CRITICAL - features.pda_extractor.pda_extractor_logic - [pda_extractor_logic.py:296] - 
[TRP PAYLOAD] console-api 77:20 "--- INICIO: ELEMENTO CLICKEADO POR HUMANO ---"

2026-05-04 07:42:39,186 - CRITICAL - features.pda_extractor.pda_extractor_logic - [pda_extractor_logic.py:296] - 
[TRP PAYLOAD] console-api 78:20 "{\n  \"TRP_TABLE_CONTEXT\": \"N/A\",\n  \"TRP_EVENT\": \"HUMAN_CLICK_DETECTED\",\n  \"Ancestro Interactuable\": {\n    \"Selector\": \"button.alert-button.ion-focusable.ion-activatable.sc-ion-alert-ios.activated\",\n    \"Outer HTML\": \"\u003Cbutton type=\\\"button\\\" class=\\\"alert-button ion-focusable ion-activatable sc-ion-alert-ios activated\\\" tabindex=\\\"0\\\">\u003Cspan class=\\\"alert-button-inner sc-ion-alert-ios\\\">Aceptar\u003C/span>\u003C/button>\"\n  },\n  \"Elemento Clickeado (Target)\": {\n    \"Selector\": \"span.alert-button-inner.sc-ion-alert-ios\",\n    \"Outer HTML\": \"\u003Cspan class=\\\"alert-button-inner sc-ion-alert-ios\\\">Aceptar\u003C/span>\",\n    \"Parent Outer HTML\": \"\u003Cbutton type=\\\"button\\\" class=\\\"alert-button ion-focusable ion-activatable sc-ion-alert-ios activated\\\" tabindex=\\\"0\\\">\u003Cspan class=\\\"alert-button-inner sc-ion-alert-ios\\\">Aceptar\u003C/span>\u003C/button>\",\n    \"Estilos Computados\": {\n      \"display\": \"flex\",\n      \"visibility\": \"visible\",\n      \"opacity\": \"1\",\n      \"pointer-events\": \"auto\",\n      \"position\": \"static\",\n      \"top\": \"auto\",\n      \"left\": \"auto\",\n      \"width\": \"255.578px\",\n      \"height\": \"41px\"\n    }\n  }\n}"

2026-05-04 07:42:39,187 - CRITICAL - features.pda_extractor.pda_extractor_logic - [pda_extractor_logic.py:296] - 
[TRP PAYLOAD] console-api 79:20 "--- FIN: ELEMENTO CLICKEADO POR HUMANO ---"

2026-05-04 07:42:42,193 - CRITICAL - features.pda_extractor.pda_extractor_logic - [pda_extractor_logic.py:296] - 
[TRP PAYLOAD] console-api 77:20 "--- INICIO: ELEMENTO CLICKEADO POR HUMANO ---"

2026-05-04 07:42:42,193 - CRITICAL - features.pda_extractor.pda_extractor_logic - [pda_extractor_logic.py:296] - 
[TRP PAYLOAD] console-api 78:20 "{\n  \"TRP_TABLE_CONTEXT\": \"N/A\",\n  \"TRP_EVENT\": \"HUMAN_CLICK_DETECTED\",\n  \"Ancestro Interactuable\": {\n    \"Selector\": \"button.alert-button.ion-focusable.ion-activatable.sc-ion-alert-ios.activated\",\n    \"Outer HTML\": \"\u003Cbutton type=\\\"button\\\" class=\\\"alert-button ion-focusable ion-activatable sc-ion-alert-ios activated\\\" tabindex=\\\"0\\\">\u003Cspan class=\\\"alert-button-inner sc-ion-alert-ios\\\">Aceptar\u003C/span>\u003C/button>\"\n  },\n  \"Elemento Clickeado (Target)\": {\n    \"Selector\": \"span.alert-button-inner.sc-ion-alert-ios\",\n    \"Outer HTML\": \"\u003Cspan class=\\\"alert-button-inner sc-ion-alert-ios\\\">Aceptar\u003C/span>\",\n    \"Parent Outer HTML\": \"\u003Cbutton type=\\\"button\\\" class=\\\"alert-button ion-focusable ion-activatable sc-ion-alert-ios activated\\\" tabindex=\\\"0\\\">\u003Cspan class=\\\"alert-button-inner sc-ion-alert-ios\\\">Aceptar\u003C/span>\u003C/button>\",\n    \"Estilos Computados\": {\n      \"display\": \"flex\",\n      \"visibility\": \"visible\",\n      \"opacity\": \"1\",\n      \"pointer-events\": \"auto\",\n      \"position\": \"static\",\n      \"top\": \"auto\",\n      \"left\": \"auto\",\n      \"width\": \"258px\",\n      \"height\": \"41px\"\n    }\n  }\n}"

2026-05-04 07:42:42,193 - CRITICAL - features.pda_extractor.pda_extractor_logic - [pda_extractor_logic.py:296] - 
[TRP PAYLOAD] console-api 79:20 "--- FIN: ELEMENTO CLICKEADO POR HUMANO ---"

2026-05-04 07:42:45,199 - CRITICAL - features.pda_extractor.pda_extractor_logic - [pda_extractor_logic.py:296] - 
[TRP PAYLOAD] console-api 77:20 "--- INICIO: ELEMENTO CLICKEADO POR HUMANO ---"

2026-05-04 07:42:45,199 - CRITICAL - features.pda_extractor.pda_extractor_logic - [pda_extractor_logic.py:296] - 
[TRP PAYLOAD] console-api 78:20 "{\n  \"TRP_TABLE_CONTEXT\": \"N/A\",\n  \"TRP_EVENT\": \"HUMAN_CLICK_DETECTED\",\n  \"Elemento Clickeado (Target)\": {\n    \"Selector\": \"input.standard-input.ng-untouched.ng-pristine.ng-invalid\",\n    \"Outer HTML\": \"\u003Cinput _ngcontent-uig-c7=\\\"\\\" class=\\\"standard-input ng-untouched ng-pristine ng-invalid\\\" formcontrolname=\\\"referencia\\\" maxlength=\\\"50\\\" placeholder=\\\"Ingrese referencia\\\" style=\\\"height: 40px;width: 100%;\\\" type=\\\"text\\\">\",\n    \"Parent Outer HTML\": \"\u003Cion-item _ngcontent-uig-c7=\\\"\\\" lines=\\\"none\\\" class=\\\"item md item-lines-none ion-focusable hydrated\\\">\u003Cp _ngcontent-uig-c7=\\\"\\\" style=\\\"margin-right: 10px;font-weight: bold;white-space: nowrap;\\\">Referencia:\u003C/p>\u003Cinput _ngcontent-uig-c7=\\\"\\\" class=\\\"standard-input ng-untouched ng-pristine ng-invalid\\\" formcontrolname=\\\"referencia\\\" maxlength=\\\"50\\\" placeholder=\\\"Ingrese referencia\\\" style=\\\"height: 40px;width: 100%;\\\" type=\\\"text\\\">\u003C!---->\u003C/ion-item>\",\n    \"Estilos Computados\": {\n      \"display\": \"block\",\n      \"visibility\": \"visible\",\n      \"opacity\": \"1\",\n      \"pointer-events\": \"auto\",\n      \"position\": \"static\",\n      \"top\": \"auto\",\n      \"left\": \"auto\",\n      \"width\": \"1450.84px\",\n      \"height\": \"40px\"\n    }\n  }\n}"

2026-05-04 07:42:45,199 - CRITICAL - features.pda_extractor.pda_extractor_logic - [pda_extractor_logic.py:296] - 
[TRP PAYLOAD] console-api 79:20 "--- FIN: ELEMENTO CLICKEADO POR HUMANO ---"

2026-05-04 07:42:46,201 - CRITICAL - features.pda_extractor.pda_extractor_logic - [pda_extractor_logic.py:296] - 
[TRP PAYLOAD] console-api 77:20 "--- INICIO: ELEMENTO CLICKEADO POR HUMANO ---"

2026-05-04 07:42:46,202 - CRITICAL - features.pda_extractor.pda_extractor_logic - [pda_extractor_logic.py:296] - 
[TRP PAYLOAD] console-api 78:20 "{\n  \"TRP_TABLE_CONTEXT\": \"N/A\",\n  \"TRP_EVENT\": \"HUMAN_CLICK_DETECTED\",\n  \"Elemento Clickeado (Target)\": {\n    \"Selector\": \"input.standard-input.ng-untouched.ng-pristine.ng-invalid\",\n    \"Outer HTML\": \"\u003Cinput _ngcontent-uig-c7=\\\"\\\" class=\\\"standard-input ng-untouched ng-pristine ng-invalid\\\" formcontrolname=\\\"numero\\\" maxlength=\\\"10\\\" placeholder=\\\"Ingreso el número\\\" style=\\\"height: 40px;width: 100%;\\\" type=\\\"text\\\">\",\n    \"Parent Outer HTML\": \"\u003Cion-item _ngcontent-uig-c7=\\\"\\\" lines=\\\"none\\\" class=\\\"item md item-lines-none ion-focusable hydrated\\\">\u003Cp _ngcontent-uig-c7=\\\"\\\" style=\\\"margin-right: 10px;font-weight: bold;white-space: nowrap;\\\">No:\u003C/p>\u003Cinput _ngcontent-uig-c7=\\\"\\\" class=\\\"standard-input ng-untouched ng-pristine ng-invalid\\\" formcontrolname=\\\"numero\\\" maxlength=\\\"10\\\" placeholder=\\\"Ingreso el número\\\" style=\\\"height: 40px;width: 100%;\\\" type=\\\"text\\\">\u003C!---->\u003C/ion-item>\",\n    \"Estilos Computados\": {\n      \"display\": \"block\",\n      \"visibility\": \"visible\",\n      \"opacity\": \"1\",\n      \"pointer-events\": \"auto\",\n      \"position\": \"static\",\n      \"top\": \"auto\",\n      \"left\": \"auto\",\n      \"width\": \"1511.34px\",\n      \"height\": \"40px\"\n    }\n  }\n}"

2026-05-04 07:42:46,202 - CRITICAL - features.pda_extractor.pda_extractor_logic - [pda_extractor_logic.py:296] - 
[TRP PAYLOAD] console-api 79:20 "--- FIN: ELEMENTO CLICKEADO POR HUMANO ---"

2026-05-04 07:42:49,207 - CRITICAL - features.pda_extractor.pda_extractor_logic - [pda_extractor_logic.py:296] - 
[TRP PAYLOAD] console-api 77:20 "--- INICIO: ELEMENTO CLICKEADO POR HUMANO ---"

2026-05-04 07:42:49,207 - CRITICAL - features.pda_extractor.pda_extractor_logic - [pda_extractor_logic.py:296] - 
[TRP PAYLOAD] console-api 78:20 "{\n  \"TRP_TABLE_CONTEXT\": \"N/A\",\n  \"TRP_EVENT\": \"HUMAN_CLICK_DETECTED\",\n  \"Elemento Clickeado (Target)\": {\n    \"Selector\": \"input.standard-input.ng-pristine.ng-invalid.ng-touched\",\n    \"Outer HTML\": \"\u003Cinput _ngcontent-uig-c7=\\\"\\\" class=\\\"standard-input ng-pristine ng-invalid ng-touched\\\" formcontrolname=\\\"referencia\\\" maxlength=\\\"50\\\" placeholder=\\\"Ingrese referencia\\\" style=\\\"height: 40px;width: 100%;\\\" type=\\\"text\\\">\",\n    \"Parent Outer HTML\": \"\u003Cion-item _ngcontent-uig-c7=\\\"\\\" lines=\\\"none\\\" class=\\\"item md item-lines-none ion-focusable hydrated\\\">\u003Cp _ngcontent-uig-c7=\\\"\\\" style=\\\"margin-right: 10px;font-weight: bold;white-space: nowrap;\\\">Referencia:\u003C/p>\u003Cinput _ngcontent-uig-c7=\\\"\\\" class=\\\"standard-input ng-pristine ng-invalid ng-touched\\\" formcontrolname=\\\"referencia\\\" maxlength=\\\"50\\\" placeholder=\\\"Ingrese referencia\\\" style=\\\"height: 40px;width: 100%;\\\" type=\\\"text\\\">\u003C!---->\u003Cdiv _ngcontent-uig-c7=\\\"\\\" class=\\\"error-izquierda\\\">\u003C!---->\u003Cp _ngcontent-uig-c7=\\\"\\\" style=\\\"margin: 0;\\\"> Este campo es obligatorio\u003C/p>\u003C!---->\u003C/div>\u003C/ion-item>\",\n    \"Estilos Computados\": {\n      \"display\": \"block\",\n      \"visibility\": \"visible\",\n      \"opacity\": \"1\",\n      \"pointer-events\": \"auto\",\n      \"position\": \"static\",\n      \"top\": \"auto\",\n      \"left\": \"auto\",\n      \"width\": \"1269.08px\",\n      \"height\": \"40px\"\n    }\n  }\n}"

2026-05-04 07:42:49,208 - CRITICAL - features.pda_extractor.pda_extractor_logic - [pda_extractor_logic.py:296] - 
[TRP PAYLOAD] console-api 79:20 "--- FIN: ELEMENTO CLICKEADO POR HUMANO ---"

2026-05-04 07:42:53,217 - CRITICAL - features.pda_extractor.pda_extractor_logic - [pda_extractor_logic.py:296] - 
[TRP PAYLOAD] console-api 77:20 "--- INICIO: ELEMENTO CLICKEADO POR HUMANO ---"

2026-05-04 07:42:53,217 - CRITICAL - features.pda_extractor.pda_extractor_logic - [pda_extractor_logic.py:296] - 
[TRP PAYLOAD] console-api 78:20 "{\n  \"TRP_TABLE_CONTEXT\": \"N/A\",\n  \"TRP_EVENT\": \"HUMAN_CLICK_DETECTED\",\n  \"Elemento Clickeado (Target)\": {\n    \"Selector\": \"ion-button.ion-color.ion-color-light.md.button.button-block.button-solid.ion-activatable.ion-focusable.hydrated.activated\",\n    \"Outer HTML\": \"\u003Cion-button _ngcontent-uig-c7=\\\"\\\" color=\\\"light\\\" expand=\\\"block\\\" type=\\\"submit\\\" class=\\\"ion-color ion-color-light md button button-block button-solid ion-activatable ion-focusable hydrated activated\\\"> Sucursales \u003Cion-icon _ngcontent-uig-c7=\\\"\\\" slot=\\\"start\\\" role=\\\"img\\\" class=\\\"md hydrated\\\" aria-label=\\\"camera\\\">\u003C/ion-icon>\u003C/ion-button>\",\n    \"Parent Outer HTML\": \"\u003Cion-col _ngcontent-uig-c7=\\\"\\\" size=\\\"6\\\" size-lg=\\\"6\\\" size-md=\\\"6\\\" size-sm=\\\"6\\\" size-xl=\\\"6\\\" size-xs=\\\"6\\\" class=\\\"md hydrated\\\" style=\\\"flex: 0 0 calc(calc(6 / var(--ion-grid-columns, 12)) * 100%); width: calc(calc(6 / var(--ion-grid-columns, 12)) * 100%); max-width: calc(calc(6 / var(--ion-grid-columns, 12)) * 100%);\\\">\u003Cion-button _ngcontent-uig-c7=\\\"\\\" color=\\\"light\\\" expand=\\\"block\\\" type=\\\"submit\\\" class=\\\"ion-color ion-color-light md button button-block button-solid ion-activatable ion-focusable hydrated activated\\\"> Sucursales \u003Cion-icon _ngcontent-uig-c7=\\\"\\\" slot=\\\"start\\\" role=\\\"img\\\" class=\\\"md hydrated\\\" aria-label=\\\"camera\\\">\u003C/ion-icon>\u003C/ion-button>\u003C/ion-col>\",\n    \"Estilos Computados\": {\n      \"display\": \"block\",\n      \"visibility\": \"visible\",\n      \"opacity\": \"1\",\n      \"pointer-events\": \"auto\",\n      \"position\": \"relative\",\n      \"top\": \"0px\",\n      \"left\": \"0px\",\n      \"width\": \"786px\",\n      \"height\": \"36px\"\n    }\n  }\n}"

2026-05-04 07:42:53,217 - CRITICAL - features.pda_extractor.pda_extractor_logic - [pda_extractor_logic.py:296] - 
[TRP PAYLOAD] console-api 79:20 "--- FIN: ELEMENTO CLICKEADO POR HUMANO ---"

2026-05-04 07:42:56,223 - CRITICAL - features.pda_extractor.pda_extractor_logic - [pda_extractor_logic.py:296] - 
[TRP PAYLOAD] console-api 77:20 "--- INICIO: ELEMENTO CLICKEADO POR HUMANO ---"

2026-05-04 07:42:56,223 - CRITICAL - features.pda_extractor.pda_extractor_logic - [pda_extractor_logic.py:296] - 
[TRP PAYLOAD] console-api 78:20 "{\n  \"TRP_TABLE_CONTEXT\": \"N/A\",\n  \"TRP_EVENT\": \"HUMAN_CLICK_DETECTED\",\n  \"Ancestro Interactuable\": {\n    \"Selector\": \"button.alert-button.ion-focusable.ion-activatable.sc-ion-alert-ios.activated\",\n    \"Outer HTML\": \"\u003Cbutton type=\\\"button\\\" class=\\\"alert-button ion-focusable ion-activatable sc-ion-alert-ios activated\\\" tabindex=\\\"0\\\">\u003Cspan class=\\\"alert-button-inner sc-ion-alert-ios\\\">Aceptar\u003C/span>\u003C/button>\"\n  },\n  \"Elemento Clickeado (Target)\": {\n    \"Selector\": \"span.alert-button-inner.sc-ion-alert-ios\",\n    \"Outer HTML\": \"\u003Cspan class=\\\"alert-button-inner sc-ion-alert-ios\\\">Aceptar\u003C/span>\",\n    \"Parent Outer HTML\": \"\u003Cbutton type=\\\"button\\\" class=\\\"alert-button ion-focusable ion-activatable sc-ion-alert-ios activated\\\" tabindex=\\\"0\\\">\u003Cspan class=\\\"alert-button-inner sc-ion-alert-ios\\\">Aceptar\u003C/span>\u003C/button>\",\n    \"Estilos Computados\": {\n      \"display\": \"flex\",\n      \"visibility\": \"visible\",\n      \"opacity\": \"1\",\n      \"pointer-events\": \"auto\",\n      \"position\": \"static\",\n      \"top\": \"auto\",\n      \"left\": \"auto\",\n      \"width\": \"256.297px\",\n      \"height\": \"41px\"\n    }\n  }\n}"

2026-05-04 07:42:56,223 - CRITICAL - features.pda_extractor.pda_extractor_logic - [pda_extractor_logic.py:296] - 
[TRP PAYLOAD] console-api 79:20 "--- FIN: ELEMENTO CLICKEADO POR HUMANO ---"

