2026-05-04 16:52:00,431 - INFO - core.database_manager - [database_manager.py:32] - Base de datos de la aplicación ubicada en: C:/Users/Usuario/AppData/Roaming/Business & Services/AsistenteContable\databases\actividades_usuario.db
2026-05-04 16:52:12,843 - INFO - features.pda_extractor.pda_extractor_workflow - [pda_extractor_workflow.py:183] - Aplicando Jitter de Arranque: 2397ms para desincronizar enjambre.
2026-05-04 16:52:15,255 - INFO - features.pda_extractor.driver_config - [driver_config.py:104] - Configurando para usar un perfil de Chrome temporal y limpio.
2026-05-04 16:52:17,424 - INFO - features.pda_extractor.driver_config - [driver_config.py:125] - WebDriver configurado exitosamente con webdriver-manager.
2026-05-04 16:52:17,516 - INFO - features.pda_extractor.pda_sequence_manager - [pda_sequence_manager.py:58] - Caché táctico: 1801 cédulas previas cargadas. Se omitirán automáticamente.
2026-05-04 16:52:17,517 - INFO - features.pda_extractor.pda_workflow_executor - [pda_workflow_executor.py:114] - Flujo de trabajo iniciado. Cédula inicial: 'LOTE CARGADO (23615 cédulas)'.
2026-05-04 16:52:20,453 - INFO - features.pda_extractor.driver_manager - [driver_manager.py:363] - ¡Sesión inyectada en el navegador virgen! Evadiendo autenticación SMS...
2026-05-04 16:52:24,733 - INFO - features.pda_extractor.driver_manager - [driver_manager.py:376] - Diagnóstico Post-Fénix: URL actual=https://sellingpoint.claro.com.ec/PT_pdaOne/#/login, Claves en Memoria=0
2026-05-04 16:52:29,764 - WARNING - features.pda_extractor.pda_workflow_executor - [pda_workflow_executor.py:44] - Tokens expirados o inválidos. Se requiere autenticación manual.
2026-05-04 16:52:29,769 - INFO - features.pda_extractor.workflow_result_handler - [workflow_result_handler.py:172] - Inicialización completada. Esperando validación manual de PDA...
2026-05-04 16:52:35,050 - INFO - features.pda_extractor.driver_manager - [driver_manager.py:328] - Sesión Fénix (Tokens/Cookies) guardada exitosamente para rehidratación futura.
2026-05-04 16:52:35,050 - INFO - features.pda_extractor.workflow_result_handler - [workflow_result_handler.py:184] - PDA validada por el usuario. Reanudando extracción...
2026-05-04 16:52:35,050 - INFO - features.pda_extractor.workflow_result_handler - [workflow_result_handler.py:353] - [Evasión Anti-Bot] Pausa táctica normal de 2.5 segundos...
2026-05-04 16:52:37,527 - INFO - features.pda_extractor.pda_extractor_workflow - [pda_extractor_workflow.py:208] - Salto táctico: Se omitieron 191 cédulas que ya existían en la base de datos.
2026-05-04 16:52:37,527 - INFO - features.pda_extractor.pda_extractor_workflow - [pda_extractor_workflow.py:220] - --- Iniciando validación de cédula: 0910006949 ---
2026-05-04 16:52:37,531 - ERROR - features.pda_extractor.pda_extractor_service - [pda_extractor_service.py:96] - Error en el servicio PDA Extractor: El token JWT de Claro ha expirado.
Traceback (most recent call last):
  File "C:\Users\Usuario\Desktop\PDA\src\features\pda_extractor\pda_extractor_service.py", line 58, in extract_pda_data
    result_data = processor.process_cedula(cedula)
  File "C:\Users\Usuario\Desktop\PDA\src\features\pda_extractor\pda_extractor_logic.py", line 373, in process_cedula
    raise e
  File "C:\Users\Usuario\Desktop\PDA\src\features\pda_extractor\pda_extractor_logic.py", line 42, in process_cedula
    raise SessionExpiredException("El token JWT de Claro ha expirado.")
features.pda_extractor.exceptions.SessionExpiredException: El token JWT de Claro ha expirado.
2026-05-04 16:52:37,534 - ERROR - features.pda_extractor.driver_manager - [driver_manager.py:218] - Error durante la ejecución del WebDriver: El token JWT de Claro ha expirado.
Traceback (most recent call last):
  File "C:\Users\Usuario\Desktop\PDA\src\features\pda_extractor\pda_extractor_service.py", line 58, in extract_pda_data
    result_data = processor.process_cedula(cedula)
  File "C:\Users\Usuario\Desktop\PDA\src\features\pda_extractor\pda_extractor_logic.py", line 373, in process_cedula
    raise e
  File "C:\Users\Usuario\Desktop\PDA\src\features\pda_extractor\pda_extractor_logic.py", line 42, in process_cedula
    raise SessionExpiredException("El token JWT de Claro ha expirado.")
features.pda_extractor.exceptions.SessionExpiredException: El token JWT de Claro ha expirado.
2026-05-04 16:52:37,587 - INFO - features.pda_extractor.driver_manager - [driver_manager.py:261] - Captura de pantalla de error guardada en: C:\Users\Usuario\Desktop\PDA\src\features\pda_extractor\error_screenshot_pda_extractor_3288.png
2026-05-04 16:52:37,587 - WARNING - features.pda_extractor.driver_manager - [driver_manager.py:248] - MODO DESARROLLO: El navegador se mantendrá abierto debido a un error crítico.
2026-05-04 16:52:37,588 - CRITICAL - features.pda_extractor.workflow_result_handler - [workflow_result_handler.py:119] - ¡Token de sesión expirado! Deteniendo operaciones desatendidas.
2026-05-04 16:53:06,372 - INFO - features.pda_extractor.workflow_result_handler - [workflow_result_handler.py:134] - Nueva sesión validada. Reintentando la cédula interrumpida...
2026-05-04 16:53:07,381 - WARNING - features.pda_extractor.pda_base_logic - [pda_base_logic.py:252] - Círculo de carga detectado. El servidor de Claro está experimentando lentitud.
2026-05-04 16:53:08,394 - INFO - features.pda_extractor.pda_base_logic - [pda_base_logic.py:257] - El círculo de carga finalizó. Retomando automatización...
2026-05-04 16:53:12,432 - INFO - features.pda_extractor.pda_extractor_logic - [pda_extractor_logic.py:254] - Clonando móvil válido al Contacto 3 para satisfacer UI.
2026-05-04 16:53:14,648 - INFO - features.pda_extractor.pda_domicilio_logic - [pda_domicilio_logic.py:48] - [Paso 2] Botón Domicilio ACTIVO para 0910006949. Accediendo...
2026-05-04 16:53:19,843 - INFO - features.pda_extractor.pda_domicilio_logic - [pda_domicilio_logic.py:65] - Alertas en cascada interceptadas y destruidas limpiamente.
2026-05-04 16:53:21,480 - INFO - features.pda_extractor.pda_domicilio_logic - [pda_domicilio_logic.py:109] - Domicilio extraído - Ciudad: GUAYAQUIL | Dir: Por definir - No usar Nro: villa:23
2026-05-04 16:53:23,025 - INFO - features.pda_extractor.pda_domicilio_logic - [pda_domicilio_logic.py:242] - Select 'provincias' tiene datos originales válidos ('guayas'). Se respeta el valor de Claro.
2026-05-04 16:53:24,295 - INFO - features.pda_extractor.pda_domicilio_logic - [pda_domicilio_logic.py:281] - Select 'cantones' sanado explícitamente (opción: por definir - no usar).
2026-05-04 16:53:24,299 - WARNING - features.pda_extractor.pda_base_logic - [pda_base_logic.py:252] - Círculo de carga detectado. El servidor de Claro está experimentando lentitud.
2026-05-04 16:53:25,815 - INFO - features.pda_extractor.pda_base_logic - [pda_base_logic.py:257] - El círculo de carga finalizó. Retomando automatización...
2026-05-04 16:53:32,817 - INFO - features.pda_extractor.pda_domicilio_logic - [pda_domicilio_logic.py:185] - Clic humano en 'referencia' ejecutado exitosamente para descongelar Domicilio.
2026-05-04 16:53:39,588 - INFO - features.pda_extractor.pda_domicilio_logic - [pda_domicilio_logic.py:200] - Botón Sucursales INACTIVO para 0910006949 tras intento de sanación. Omitiendo.
2026-05-04 16:53:40,623 - INFO - features.pda_extractor.workflow_result_handler - [workflow_result_handler.py:207] - Datos guardados en BD para cédula 0910006949.
2026-05-04 16:53:40,623 - INFO - features.pda_extractor.workflow_result_handler - [workflow_result_handler.py:353] - [Evasión Anti-Bot] Pausa táctica normal de 2.3 segundos...
2026-05-04 16:53:42,960 - INFO - features.pda_extractor.pda_extractor_workflow - [pda_extractor_workflow.py:220] - --- Iniciando validación de cédula: 0910006972 ---
2026-05-04 16:53:58,709 - ERROR - features.pda_extractor.pda_extractor_service - [pda_extractor_service.py:96] - Error en el servicio PDA Extractor: Message: invalid session id: session deleted as the browser has closed the connection
from disconnected: not connected to DevTools
  (Session info: chrome=147.0.7727.138); For documentation on this error, please visit: https://www.selenium.dev/documentation/webdriver/troubleshooting/errors#invalidsessionidexception
Stacktrace:
	chromedriver!GetHandleVerifier [0xe8b373+10553]
	chromedriver!GetHandleVerifier [0xe8b4a4+10684]
	chromedriver!(No symbol) [0xc91e10]
	chromedriver!(No symbol) [0xc80d8e]
	chromedriver!(No symbol) [0xc9f8d9]
	chromedriver!(No symbol) [0xd03dbc]
	chromedriver!(No symbol) [0xd1a3a9]
	chromedriver!(No symbol) [0xcfd606]
	chromedriver!(No symbol) [0xcd0039]
	chromedriver!(No symbol) [0xcd0df4]
	chromedriver!GetHandleVerifier [0x110ddb4+292f94]
	chromedriver!GetHandleVerifier [0x110937d+28e55d]
	chromedriver!GetHandleVerifier [0x1128215+2ad3f5]
	chromedriver!GetHandleVerifier [0xea4c18+29df8]
	chromedriver!GetHandleVerifier [0xeac6fd+318dd]
	chromedriver!GetHandleVerifier [0xe93c78+18e58]
	chromedriver!GetHandleVerifier [0xe93e42+19022]
	chromedriver!GetHandleVerifier [0xe7d45f+263f]
	KERNEL32!BaseThreadInitThunk [0x762a5d49+19]
	ntdll!RtlInitializeExceptionChain [0x778dd83b+6b]
	ntdll!RtlGetAppContainerNamedObjectPath [0x778dd7c1+231]
Traceback (most recent call last):
  File "C:\Users\Usuario\Desktop\PDA\src\features\pda_extractor\pda_extractor_service.py", line 58, in extract_pda_data
    result_data = processor.process_cedula(cedula)
  File "C:\Users\Usuario\Desktop\PDA\src\features\pda_extractor\pda_extractor_logic.py", line 373, in process_cedula
    raise e
  File "C:\Users\Usuario\Desktop\PDA\src\features\pda_extractor\pda_extractor_logic.py", line 83, in process_cedula
    search_box = WebDriverWait(self.driver, 150).until(EC.presence_of_element_located(search_input_locator))
  File "C:\Users\Usuario\Desktop\Jubilo\venv\Lib\site-packages\selenium\webdriver\support\wait.py", line 129, in until
    value = method(self._driver)
  File "C:\Users\Usuario\Desktop\Jubilo\venv\Lib\site-packages\selenium\webdriver\support\expected_conditions.py", line 104, in _predicate
    return driver.find_element(*locator)
           ~~~~~~~~~~~~~~~~~~~^^^^^^^^^^
  File "C:\Users\Usuario\Desktop\Jubilo\venv\Lib\site-packages\selenium\webdriver\remote\webdriver.py", line 926, in find_element
    return self.execute(Command.FIND_ELEMENT, {"using": by, "value": value})["value"]
           ~~~~~~~~~~~~^^^^^^^^^^^^^^^^^^^^^^^^^^^^^^^^^^^^^^^^^^^^^^^^^^^^^
  File "C:\Users\Usuario\Desktop\Jubilo\venv\Lib\site-packages\selenium\webdriver\remote\webdriver.py", line 458, in execute
    self.error_handler.check_response(response)
    ~~~~~~~~~~~~~~~~~~~~~~~~~~~~~~~~~^^^^^^^^^^
  File "C:\Users\Usuario\Desktop\Jubilo\venv\Lib\site-packages\selenium\webdriver\remote\errorhandler.py", line 233, in check_response
    raise exception_class(message, screen, stacktrace)
selenium.common.exceptions.InvalidSessionIdException: Message: invalid session id: session deleted as the browser has closed the connection
from disconnected: not connected to DevTools
  (Session info: chrome=147.0.7727.138); For documentation on this error, please visit: https://www.selenium.dev/documentation/webdriver/troubleshooting/errors#invalidsessionidexception
Stacktrace:
	chromedriver!GetHandleVerifier [0xe8b373+10553]
	chromedriver!GetHandleVerifier [0xe8b4a4+10684]
	chromedriver!(No symbol) [0xc91e10]
	chromedriver!(No symbol) [0xc80d8e]
	chromedriver!(No symbol) [0xc9f8d9]
	chromedriver!(No symbol) [0xd03dbc]
	chromedriver!(No symbol) [0xd1a3a9]
	chromedriver!(No symbol) [0xcfd606]
	chromedriver!(No symbol) [0xcd0039]
	chromedriver!(No symbol) [0xcd0df4]
	chromedriver!GetHandleVerifier [0x110ddb4+292f94]
	chromedriver!GetHandleVerifier [0x110937d+28e55d]
	chromedriver!GetHandleVerifier [0x1128215+2ad3f5]
	chromedriver!GetHandleVerifier [0xea4c18+29df8]
	chromedriver!GetHandleVerifier [0xeac6fd+318dd]
	chromedriver!GetHandleVerifier [0xe93c78+18e58]
	chromedriver!GetHandleVerifier [0xe93e42+19022]
	chromedriver!GetHandleVerifier [0xe7d45f+263f]
	KERNEL32!BaseThreadInitThunk [0x762a5d49+19]
	ntdll!RtlInitializeExceptionChain [0x778dd83b+6b]
	ntdll!RtlGetAppContainerNamedObjectPath [0x778dd7c1+231]

2026-05-04 16:53:58,712 - ERROR - features.pda_extractor.driver_manager - [driver_manager.py:218] - Error durante la ejecución del WebDriver: Message: invalid session id: session deleted as the browser has closed the connection
from disconnected: not connected to DevTools
  (Session info: chrome=147.0.7727.138); For documentation on this error, please visit: https://www.selenium.dev/documentation/webdriver/troubleshooting/errors#invalidsessionidexception
Stacktrace:
	chromedriver!GetHandleVerifier [0xe8b373+10553]
	chromedriver!GetHandleVerifier [0xe8b4a4+10684]
	chromedriver!(No symbol) [0xc91e10]
	chromedriver!(No symbol) [0xc80d8e]
	chromedriver!(No symbol) [0xc9f8d9]
	chromedriver!(No symbol) [0xd03dbc]
	chromedriver!(No symbol) [0xd1a3a9]
	chromedriver!(No symbol) [0xcfd606]
	chromedriver!(No symbol) [0xcd0039]
	chromedriver!(No symbol) [0xcd0df4]
	chromedriver!GetHandleVerifier [0x110ddb4+292f94]
	chromedriver!GetHandleVerifier [0x110937d+28e55d]
	chromedriver!GetHandleVerifier [0x1128215+2ad3f5]
	chromedriver!GetHandleVerifier [0xea4c18+29df8]
	chromedriver!GetHandleVerifier [0xeac6fd+318dd]
	chromedriver!GetHandleVerifier [0xe93c78+18e58]
	chromedriver!GetHandleVerifier [0xe93e42+19022]
	chromedriver!GetHandleVerifier [0xe7d45f+263f]
	KERNEL32!BaseThreadInitThunk [0x762a5d49+19]
	ntdll!RtlInitializeExceptionChain [0x778dd83b+6b]
	ntdll!RtlGetAppContainerNamedObjectPath [0x778dd7c1+231]
Traceback (most recent call last):
  File "C:\Users\Usuario\Desktop\PDA\src\features\pda_extractor\pda_extractor_service.py", line 58, in extract_pda_data
    result_data = processor.process_cedula(cedula)
  File "C:\Users\Usuario\Desktop\PDA\src\features\pda_extractor\pda_extractor_logic.py", line 373, in process_cedula
    raise e
  File "C:\Users\Usuario\Desktop\PDA\src\features\pda_extractor\pda_extractor_logic.py", line 83, in process_cedula
    search_box = WebDriverWait(self.driver, 150).until(EC.presence_of_element_located(search_input_locator))
  File "C:\Users\Usuario\Desktop\Jubilo\venv\Lib\site-packages\selenium\webdriver\support\wait.py", line 129, in until
    value = method(self._driver)
  File "C:\Users\Usuario\Desktop\Jubilo\venv\Lib\site-packages\selenium\webdriver\support\expected_conditions.py", line 104, in _predicate
    return driver.find_element(*locator)
           ~~~~~~~~~~~~~~~~~~~^^^^^^^^^^
  File "C:\Users\Usuario\Desktop\Jubilo\venv\Lib\site-packages\selenium\webdriver\remote\webdriver.py", line 926, in find_element
    return self.execute(Command.FIND_ELEMENT, {"using": by, "value": value})["value"]
           ~~~~~~~~~~~~^^^^^^^^^^^^^^^^^^^^^^^^^^^^^^^^^^^^^^^^^^^^^^^^^^^^^
  File "C:\Users\Usuario\Desktop\Jubilo\venv\Lib\site-packages\selenium\webdriver\remote\webdriver.py", line 458, in execute
    self.error_handler.check_response(response)
    ~~~~~~~~~~~~~~~~~~~~~~~~~~~~~~~~~^^^^^^^^^^
  File "C:\Users\Usuario\Desktop\Jubilo\venv\Lib\site-packages\selenium\webdriver\remote\errorhandler.py", line 233, in check_response
    raise exception_class(message, screen, stacktrace)
selenium.common.exceptions.InvalidSessionIdException: Message: invalid session id: session deleted as the browser has closed the connection
from disconnected: not connected to DevTools
  (Session info: chrome=147.0.7727.138); For documentation on this error, please visit: https://www.selenium.dev/documentation/webdriver/troubleshooting/errors#invalidsessionidexception
Stacktrace:
	chromedriver!GetHandleVerifier [0xe8b373+10553]
	chromedriver!GetHandleVerifier [0xe8b4a4+10684]
	chromedriver!(No symbol) [0xc91e10]
	chromedriver!(No symbol) [0xc80d8e]
	chromedriver!(No symbol) [0xc9f8d9]
	chromedriver!(No symbol) [0xd03dbc]
	chromedriver!(No symbol) [0xd1a3a9]
	chromedriver!(No symbol) [0xcfd606]
	chromedriver!(No symbol) [0xcd0039]
	chromedriver!(No symbol) [0xcd0df4]
	chromedriver!GetHandleVerifier [0x110ddb4+292f94]
	chromedriver!GetHandleVerifier [0x110937d+28e55d]
	chromedriver!GetHandleVerifier [0x1128215+2ad3f5]
	chromedriver!GetHandleVerifier [0xea4c18+29df8]
	chromedriver!GetHandleVerifier [0xeac6fd+318dd]
	chromedriver!GetHandleVerifier [0xe93c78+18e58]
	chromedriver!GetHandleVerifier [0xe93e42+19022]
	chromedriver!GetHandleVerifier [0xe7d45f+263f]
	KERNEL32!BaseThreadInitThunk [0x762a5d49+19]
	ntdll!RtlInitializeExceptionChain [0x778dd83b+6b]
	ntdll!RtlGetAppContainerNamedObjectPath [0x778dd7c1+231]

2026-05-04 16:53:58,713 - WARNING - features.pda_extractor.driver_manager - [driver_manager.py:248] - MODO DESARROLLO: El navegador se mantendrá abierto debido a un error crítico.
2026-05-04 16:53:58,714 - WARNING - features.pda_extractor.workflow_result_handler - [workflow_result_handler.py:79] - Interceptada excepción crítica de Selenium (InvalidSessionIdException). Activando Protocolo Fénix...
2026-05-04 16:53:58,714 - WARNING - features.pda_extractor.pda_extractor_workflow - [pda_extractor_workflow.py:322] - Ventana perdida o sesión inactiva. Iniciando Protocolo Fénix (Intento 1/2)...
2026-05-04 16:53:58,714 - INFO - features.pda_extractor.pda_workflow_executor - [pda_workflow_executor.py:144] - Protocolo Fénix: Reiniciando el entorno de automatización.
2026-05-04 16:53:58,717 - INFO - features.pda_extractor.driver_config - [driver_config.py:104] - Configurando para usar un perfil de Chrome temporal y limpio.
2026-05-04 16:54:00,708 - INFO - features.pda_extractor.driver_config - [driver_config.py:125] - WebDriver configurado exitosamente con webdriver-manager.
2026-05-04 16:54:02,634 - INFO - features.pda_extractor.driver_manager - [driver_manager.py:363] - ¡Sesión inyectada en el navegador virgen! Evadiendo autenticación SMS...
