2026-05-04 16:43:40,418 - INFO - core.database_manager - [database_manager.py:32] - Base de datos de la aplicación ubicada en: C:/Users/Usuario/AppData/Roaming/Business & Services/AsistenteContable\databases\actividades_usuario.db
2026-05-04 16:43:50,891 - INFO - features.pda_extractor.pda_extractor_workflow - [pda_extractor_workflow.py:183] - Aplicando Jitter de Arranque: 257ms para desincronizar enjambre.
2026-05-04 16:43:51,164 - INFO - features.pda_extractor.driver_config - [driver_config.py:104] - Configurando para usar un perfil de Chrome temporal y limpio.
2026-05-04 16:43:53,145 - INFO - features.pda_extractor.driver_config - [driver_config.py:125] - WebDriver configurado exitosamente con webdriver-manager.
2026-05-04 16:43:53,226 - INFO - features.pda_extractor.pda_sequence_manager - [pda_sequence_manager.py:58] - Caché táctico: 1800 cédulas previas cargadas. Se omitirán automáticamente.
2026-05-04 16:43:53,226 - INFO - features.pda_extractor.pda_workflow_executor - [pda_workflow_executor.py:114] - Flujo de trabajo iniciado. Cédula inicial: 'LOTE CARGADO (23615 cédulas)'.
2026-05-04 16:43:54,979 - INFO - features.pda_extractor.driver_manager - [driver_manager.py:363] - ¡Sesión inyectada en el navegador virgen! Evadiendo autenticación SMS...
2026-05-04 16:43:59,359 - INFO - features.pda_extractor.driver_manager - [driver_manager.py:376] - Diagnóstico Post-Fénix: URL actual=https://sellingpoint.claro.com.ec/PT_pdaOne/#/login, Claves en Memoria=0
2026-05-04 16:44:04,386 - WARNING - features.pda_extractor.pda_workflow_executor - [pda_workflow_executor.py:44] - Tokens expirados o inválidos. Se requiere autenticación manual.
2026-05-04 16:44:04,405 - INFO - features.pda_extractor.workflow_result_handler - [workflow_result_handler.py:172] - Inicialización completada. Esperando validación manual de PDA...
2026-05-04 16:44:33,431 - INFO - features.pda_extractor.driver_manager - [driver_manager.py:328] - Sesión Fénix (Tokens/Cookies) guardada exitosamente para rehidratación futura.
2026-05-04 16:44:33,431 - INFO - features.pda_extractor.workflow_result_handler - [workflow_result_handler.py:184] - PDA validada por el usuario. Reanudando extracción...
2026-05-04 16:44:33,431 - INFO - features.pda_extractor.workflow_result_handler - [workflow_result_handler.py:353] - [Evasión Anti-Bot] Pausa táctica normal de 3.4 segundos...
2026-05-04 16:44:36,810 - INFO - features.pda_extractor.pda_extractor_workflow - [pda_extractor_workflow.py:208] - Salto táctico: Se omitieron 190 cédulas que ya existían en la base de datos.
2026-05-04 16:44:36,810 - INFO - features.pda_extractor.pda_extractor_workflow - [pda_extractor_workflow.py:220] - --- Iniciando validación de cédula: 0910006931 ---
2026-05-04 16:44:37,775 - WARNING - features.pda_extractor.pda_base_logic - [pda_base_logic.py:252] - Círculo de carga detectado. El servidor de Claro está experimentando lentitud.
2026-05-04 16:44:38,788 - INFO - features.pda_extractor.pda_base_logic - [pda_base_logic.py:257] - El círculo de carga finalizó. Retomando automatización...
2026-05-04 16:44:45,058 - INFO - features.pda_extractor.pda_domicilio_logic - [pda_domicilio_logic.py:47] - [Paso 2] Botón Domicilio ACTIVO para 0910006931. Accediendo...
2026-05-04 16:44:47,204 - INFO - features.pda_extractor.pda_domicilio_logic - [pda_domicilio_logic.py:64] - Alertas en cascada interceptadas y destruidas limpiamente.
2026-05-04 16:44:48,820 - INFO - features.pda_extractor.pda_domicilio_logic - [pda_domicilio_logic.py:108] - Domicilio extraído - Ciudad: GUAYAQUIL | Dir: GUERRERO VALENZUELA 618 Nro: Por definir - No usar y GOMEZ RENDON
2026-05-04 16:44:50,362 - INFO - features.pda_extractor.pda_domicilio_logic - [pda_domicilio_logic.py:241] - Select 'provincias' tiene datos originales válidos ('guayas'). Se respeta el valor de Claro.
2026-05-04 16:44:51,618 - INFO - features.pda_extractor.pda_domicilio_logic - [pda_domicilio_logic.py:280] - Select 'cantones' sanado explícitamente (opción: por definir - no usar).
2026-05-04 16:44:51,625 - WARNING - features.pda_extractor.pda_base_logic - [pda_base_logic.py:252] - Círculo de carga detectado. El servidor de Claro está experimentando lentitud.
2026-05-04 16:44:52,639 - INFO - features.pda_extractor.pda_base_logic - [pda_base_logic.py:257] - El círculo de carga finalizó. Retomando automatización...
2026-05-04 16:44:55,163 - INFO - features.pda_extractor.pda_domicilio_logic - [pda_domicilio_logic.py:376] - Inyectando Extractor Atómico JS para Parroquias...
2026-05-04 16:45:02,965 - INFO - features.pda_extractor.pda_domicilio_logic - [pda_domicilio_logic.py:184] - Clic humano en 'referencia' ejecutado exitosamente para descongelar Domicilio.
2026-05-04 16:45:09,781 - INFO - features.pda_extractor.pda_domicilio_logic - [pda_domicilio_logic.py:199] - Botón Sucursales INACTIVO para 0910006931 tras intento de sanación. Omitiendo.
2026-05-04 16:45:10,813 - INFO - features.pda_extractor.workflow_result_handler - [workflow_result_handler.py:207] - Datos guardados en BD para cédula 0910006931.
2026-05-04 16:45:10,813 - INFO - features.pda_extractor.workflow_result_handler - [workflow_result_handler.py:353] - [Evasión Anti-Bot] Pausa táctica normal de 2.8 segundos...
2026-05-04 16:45:13,601 - INFO - features.pda_extractor.pda_extractor_workflow - [pda_extractor_workflow.py:220] - --- Iniciando validación de cédula: 0910006949 ---
2026-05-04 16:45:19,232 - ERROR - features.pda_extractor.pda_extractor_service - [pda_extractor_service.py:96] - Error en el servicio PDA Extractor: Message: invalid session id: session deleted as the browser has closed the connection
from disconnected: not connected to DevTools
  (Session info: chrome=147.0.7727.138); For documentation on this error, please visit: https://www.selenium.dev/documentation/webdriver/troubleshooting/errors#invalidsessionidexception
Stacktrace:
	chromedriver!GetHandleVerifier [0xe8b373+10553]
	chromedriver!GetHandleVerifier [0xe8b4a4+10684]
	chromedriver!(No symbol) [0xc91e10]
	chromedriver!(No symbol) [0xc80d8e]
	chromedriver!(No symbol) [0xc9f8d9]
	chromedriver!(No symbol) [0xd03dbc]
	chromedriver!(No symbol) [0xd1a3a9]
	chromedriver!(No symbol) [0xcfd606]
	chromedriver!(No symbol) [0xcd0039]
	chromedriver!(No symbol) [0xcd0df4]
	chromedriver!GetHandleVerifier [0x110ddb4+292f94]
	chromedriver!GetHandleVerifier [0x110937d+28e55d]
	chromedriver!GetHandleVerifier [0x1128215+2ad3f5]
	chromedriver!GetHandleVerifier [0xea4c18+29df8]
	chromedriver!GetHandleVerifier [0xeac6fd+318dd]
	chromedriver!GetHandleVerifier [0xe93c78+18e58]
	chromedriver!GetHandleVerifier [0xe93e42+19022]
	chromedriver!GetHandleVerifier [0xe7d45f+263f]
	KERNEL32!BaseThreadInitThunk [0x762a5d49+19]
	ntdll!RtlInitializeExceptionChain [0x778dd83b+6b]
	ntdll!RtlGetAppContainerNamedObjectPath [0x778dd7c1+231]
Traceback (most recent call last):
  File "C:\Users\Usuario\Desktop\PDA\src\features\pda_extractor\pda_extractor_service.py", line 58, in extract_pda_data
    result_data = processor.process_cedula(cedula)
  File "C:\Users\Usuario\Desktop\PDA\src\features\pda_extractor\pda_extractor_logic.py", line 373, in process_cedula
    raise e
  File "C:\Users\Usuario\Desktop\PDA\src\features\pda_extractor\pda_extractor_logic.py", line 83, in process_cedula
    search_box = WebDriverWait(self.driver, 150).until(EC.presence_of_element_located(search_input_locator))
  File "C:\Users\Usuario\Desktop\Jubilo\venv\Lib\site-packages\selenium\webdriver\support\wait.py", line 129, in until
    value = method(self._driver)
  File "C:\Users\Usuario\Desktop\Jubilo\venv\Lib\site-packages\selenium\webdriver\support\expected_conditions.py", line 104, in _predicate
    return driver.find_element(*locator)
           ~~~~~~~~~~~~~~~~~~~^^^^^^^^^^
  File "C:\Users\Usuario\Desktop\Jubilo\venv\Lib\site-packages\selenium\webdriver\remote\webdriver.py", line 926, in find_element
    return self.execute(Command.FIND_ELEMENT, {"using": by, "value": value})["value"]
           ~~~~~~~~~~~~^^^^^^^^^^^^^^^^^^^^^^^^^^^^^^^^^^^^^^^^^^^^^^^^^^^^^
  File "C:\Users\Usuario\Desktop\Jubilo\venv\Lib\site-packages\selenium\webdriver\remote\webdriver.py", line 458, in execute
    self.error_handler.check_response(response)
    ~~~~~~~~~~~~~~~~~~~~~~~~~~~~~~~~~^^^^^^^^^^
  File "C:\Users\Usuario\Desktop\Jubilo\venv\Lib\site-packages\selenium\webdriver\remote\errorhandler.py", line 233, in check_response
    raise exception_class(message, screen, stacktrace)
selenium.common.exceptions.InvalidSessionIdException: Message: invalid session id: session deleted as the browser has closed the connection
from disconnected: not connected to DevTools
  (Session info: chrome=147.0.7727.138); For documentation on this error, please visit: https://www.selenium.dev/documentation/webdriver/troubleshooting/errors#invalidsessionidexception
Stacktrace:
	chromedriver!GetHandleVerifier [0xe8b373+10553]
	chromedriver!GetHandleVerifier [0xe8b4a4+10684]
	chromedriver!(No symbol) [0xc91e10]
	chromedriver!(No symbol) [0xc80d8e]
	chromedriver!(No symbol) [0xc9f8d9]
	chromedriver!(No symbol) [0xd03dbc]
	chromedriver!(No symbol) [0xd1a3a9]
	chromedriver!(No symbol) [0xcfd606]
	chromedriver!(No symbol) [0xcd0039]
	chromedriver!(No symbol) [0xcd0df4]
	chromedriver!GetHandleVerifier [0x110ddb4+292f94]
	chromedriver!GetHandleVerifier [0x110937d+28e55d]
	chromedriver!GetHandleVerifier [0x1128215+2ad3f5]
	chromedriver!GetHandleVerifier [0xea4c18+29df8]
	chromedriver!GetHandleVerifier [0xeac6fd+318dd]
	chromedriver!GetHandleVerifier [0xe93c78+18e58]
	chromedriver!GetHandleVerifier [0xe93e42+19022]
	chromedriver!GetHandleVerifier [0xe7d45f+263f]
	KERNEL32!BaseThreadInitThunk [0x762a5d49+19]
	ntdll!RtlInitializeExceptionChain [0x778dd83b+6b]
	ntdll!RtlGetAppContainerNamedObjectPath [0x778dd7c1+231]

2026-05-04 16:45:19,273 - ERROR - features.pda_extractor.driver_manager - [driver_manager.py:218] - Error durante la ejecución del WebDriver: Message: invalid session id: session deleted as the browser has closed the connection
from disconnected: not connected to DevTools
  (Session info: chrome=147.0.7727.138); For documentation on this error, please visit: https://www.selenium.dev/documentation/webdriver/troubleshooting/errors#invalidsessionidexception
Stacktrace:
	chromedriver!GetHandleVerifier [0xe8b373+10553]
	chromedriver!GetHandleVerifier [0xe8b4a4+10684]
	chromedriver!(No symbol) [0xc91e10]
	chromedriver!(No symbol) [0xc80d8e]
	chromedriver!(No symbol) [0xc9f8d9]
	chromedriver!(No symbol) [0xd03dbc]
	chromedriver!(No symbol) [0xd1a3a9]
	chromedriver!(No symbol) [0xcfd606]
	chromedriver!(No symbol) [0xcd0039]
	chromedriver!(No symbol) [0xcd0df4]
	chromedriver!GetHandleVerifier [0x110ddb4+292f94]
	chromedriver!GetHandleVerifier [0x110937d+28e55d]
	chromedriver!GetHandleVerifier [0x1128215+2ad3f5]
	chromedriver!GetHandleVerifier [0xea4c18+29df8]
	chromedriver!GetHandleVerifier [0xeac6fd+318dd]
	chromedriver!GetHandleVerifier [0xe93c78+18e58]
	chromedriver!GetHandleVerifier [0xe93e42+19022]
	chromedriver!GetHandleVerifier [0xe7d45f+263f]
	KERNEL32!BaseThreadInitThunk [0x762a5d49+19]
	ntdll!RtlInitializeExceptionChain [0x778dd83b+6b]
	ntdll!RtlGetAppContainerNamedObjectPath [0x778dd7c1+231]
Traceback (most recent call last):
  File "C:\Users\Usuario\Desktop\PDA\src\features\pda_extractor\pda_extractor_service.py", line 58, in extract_pda_data
    result_data = processor.process_cedula(cedula)
  File "C:\Users\Usuario\Desktop\PDA\src\features\pda_extractor\pda_extractor_logic.py", line 373, in process_cedula
    raise e
  File "C:\Users\Usuario\Desktop\PDA\src\features\pda_extractor\pda_extractor_logic.py", line 83, in process_cedula
    search_box = WebDriverWait(self.driver, 150).until(EC.presence_of_element_located(search_input_locator))
  File "C:\Users\Usuario\Desktop\Jubilo\venv\Lib\site-packages\selenium\webdriver\support\wait.py", line 129, in until
    value = method(self._driver)
  File "C:\Users\Usuario\Desktop\Jubilo\venv\Lib\site-packages\selenium\webdriver\support\expected_conditions.py", line 104, in _predicate
    return driver.find_element(*locator)
           ~~~~~~~~~~~~~~~~~~~^^^^^^^^^^
  File "C:\Users\Usuario\Desktop\Jubilo\venv\Lib\site-packages\selenium\webdriver\remote\webdriver.py", line 926, in find_element
    return self.execute(Command.FIND_ELEMENT, {"using": by, "value": value})["value"]
           ~~~~~~~~~~~~^^^^^^^^^^^^^^^^^^^^^^^^^^^^^^^^^^^^^^^^^^^^^^^^^^^^^
  File "C:\Users\Usuario\Desktop\Jubilo\venv\Lib\site-packages\selenium\webdriver\remote\webdriver.py", line 458, in execute
    self.error_handler.check_response(response)
    ~~~~~~~~~~~~~~~~~~~~~~~~~~~~~~~~~^^^^^^^^^^
  File "C:\Users\Usuario\Desktop\Jubilo\venv\Lib\site-packages\selenium\webdriver\remote\errorhandler.py", line 233, in check_response
    raise exception_class(message, screen, stacktrace)
selenium.common.exceptions.InvalidSessionIdException: Message: invalid session id: session deleted as the browser has closed the connection
from disconnected: not connected to DevTools
  (Session info: chrome=147.0.7727.138); For documentation on this error, please visit: https://www.selenium.dev/documentation/webdriver/troubleshooting/errors#invalidsessionidexception
Stacktrace:
	chromedriver!GetHandleVerifier [0xe8b373+10553]
	chromedriver!GetHandleVerifier [0xe8b4a4+10684]
	chromedriver!(No symbol) [0xc91e10]
	chromedriver!(No symbol) [0xc80d8e]
	chromedriver!(No symbol) [0xc9f8d9]
	chromedriver!(No symbol) [0xd03dbc]
	chromedriver!(No symbol) [0xd1a3a9]
	chromedriver!(No symbol) [0xcfd606]
	chromedriver!(No symbol) [0xcd0039]
	chromedriver!(No symbol) [0xcd0df4]
	chromedriver!GetHandleVerifier [0x110ddb4+292f94]
	chromedriver!GetHandleVerifier [0x110937d+28e55d]
	chromedriver!GetHandleVerifier [0x1128215+2ad3f5]
	chromedriver!GetHandleVerifier [0xea4c18+29df8]
	chromedriver!GetHandleVerifier [0xeac6fd+318dd]
	chromedriver!GetHandleVerifier [0xe93c78+18e58]
	chromedriver!GetHandleVerifier [0xe93e42+19022]
	chromedriver!GetHandleVerifier [0xe7d45f+263f]
	KERNEL32!BaseThreadInitThunk [0x762a5d49+19]
	ntdll!RtlInitializeExceptionChain [0x778dd83b+6b]
	ntdll!RtlGetAppContainerNamedObjectPath [0x778dd7c1+231]

2026-05-04 16:45:19,274 - WARNING - features.pda_extractor.driver_manager - [driver_manager.py:229] - Omitiendo captura de pantalla: Conexión con el navegador rota o sesión inválida.
2026-05-04 16:45:19,274 - WARNING - features.pda_extractor.driver_manager - [driver_manager.py:248] - MODO DESARROLLO: El navegador se mantendrá abierto debido a un error crítico.
2026-05-04 16:45:19,275 - WARNING - features.pda_extractor.workflow_result_handler - [workflow_result_handler.py:79] - Interceptada excepción crítica de Selenium (InvalidSessionIdException). Activando Protocolo Fénix...
2026-05-04 16:45:19,275 - WARNING - features.pda_extractor.pda_extractor_workflow - [pda_extractor_workflow.py:322] - Ventana perdida o sesión inactiva. Iniciando Protocolo Fénix (Intento 1/2)...
2026-05-04 16:45:19,275 - INFO - features.pda_extractor.pda_workflow_executor - [pda_workflow_executor.py:135] - Protocolo Fénix: Reiniciando el entorno de automatización.
2026-05-04 16:45:19,277 - INFO - features.pda_extractor.driver_config - [driver_config.py:104] - Configurando para usar un perfil de Chrome temporal y limpio.
2026-05-04 16:45:21,270 - INFO - features.pda_extractor.driver_config - [driver_config.py:125] - WebDriver configurado exitosamente con webdriver-manager.
2026-05-04 16:45:23,677 - INFO - features.pda_extractor.driver_manager - [driver_manager.py:363] - ¡Sesión inyectada en el navegador virgen! Evadiendo autenticación SMS...
