2026-05-04 16:57:23,666 - INFO - core.database_manager - [database_manager.py:32] - Base de datos de la aplicación ubicada en: C:/Users/Usuario/AppData/Roaming/Business & Services/AsistenteContable\databases\actividades_usuario.db
2026-05-04 16:57:33,371 - INFO - features.pda_extractor.pda_extractor_workflow - [pda_extractor_workflow.py:183] - Aplicando Jitter de Arranque: 2353ms para desincronizar enjambre.
2026-05-04 16:57:35,739 - INFO - features.pda_extractor.driver_config - [driver_config.py:104] - Configurando para usar un perfil de Chrome temporal y limpio.
2026-05-04 16:57:37,844 - INFO - features.pda_extractor.driver_config - [driver_config.py:125] - WebDriver configurado exitosamente con webdriver-manager.
2026-05-04 16:57:37,925 - INFO - features.pda_extractor.pda_sequence_manager - [pda_sequence_manager.py:58] - Caché táctico: 1802 cédulas previas cargadas. Se omitirán automáticamente.
2026-05-04 16:57:37,926 - INFO - features.pda_extractor.pda_workflow_executor - [pda_workflow_executor.py:114] - Flujo de trabajo iniciado. Cédula inicial: 'LOTE CARGADO (23615 cédulas)'.
2026-05-04 16:57:40,594 - INFO - features.pda_extractor.driver_manager - [driver_manager.py:363] - ¡Sesión inyectada en el navegador virgen! Evadiendo autenticación SMS...
2026-05-04 16:57:44,881 - INFO - features.pda_extractor.driver_manager - [driver_manager.py:376] - Diagnóstico Post-Fénix: URL actual=https://sellingpoint.claro.com.ec/PT_pdaOne/#/login, Claves en Memoria=0
2026-05-04 16:57:49,904 - WARNING - features.pda_extractor.pda_workflow_executor - [pda_workflow_executor.py:44] - Tokens expirados o inválidos. Se requiere autenticación manual.
2026-05-04 16:57:49,910 - INFO - features.pda_extractor.workflow_result_handler - [workflow_result_handler.py:172] - Inicialización completada. Esperando validación manual de PDA...
2026-05-04 16:58:13,707 - INFO - features.pda_extractor.driver_manager - [driver_manager.py:328] - Sesión Fénix (Tokens/Cookies) guardada exitosamente para rehidratación futura.
2026-05-04 16:58:13,708 - INFO - features.pda_extractor.workflow_result_handler - [workflow_result_handler.py:184] - PDA validada por el usuario. Reanudando extracción...
2026-05-04 16:58:13,708 - INFO - features.pda_extractor.workflow_result_handler - [workflow_result_handler.py:353] - [Evasión Anti-Bot] Pausa táctica normal de 3.9 segundos...
2026-05-04 16:58:17,583 - INFO - features.pda_extractor.pda_extractor_workflow - [pda_extractor_workflow.py:208] - Salto táctico: Se omitieron 192 cédulas que ya existían en la base de datos.
2026-05-04 16:58:17,583 - INFO - features.pda_extractor.pda_extractor_workflow - [pda_extractor_workflow.py:220] - --- Iniciando validación de cédula: 0910006972 ---
2026-05-04 16:58:18,479 - WARNING - features.pda_extractor.pda_base_logic - [pda_base_logic.py:252] - Círculo de carga detectado. El servidor de Claro está experimentando lentitud.
2026-05-04 16:58:19,489 - INFO - features.pda_extractor.pda_base_logic - [pda_base_logic.py:257] - El círculo de carga finalizó. Retomando automatización...
2026-05-04 16:58:25,680 - INFO - features.pda_extractor.pda_domicilio_logic - [pda_domicilio_logic.py:48] - [Paso 2] Botón Domicilio ACTIVO para 0910006972. Accediendo...
2026-05-04 16:58:27,820 - INFO - features.pda_extractor.pda_domicilio_logic - [pda_domicilio_logic.py:65] - Alertas en cascada interceptadas y destruidas limpiamente.
2026-05-04 16:58:29,437 - INFO - features.pda_extractor.pda_domicilio_logic - [pda_domicilio_logic.py:109] - Domicilio extraído - Ciudad: GUAYAQUIL | Dir: NN (Ref: |NN
2026-05-04 16:58:30,994 - INFO - features.pda_extractor.pda_domicilio_logic - [pda_domicilio_logic.py:242] - Select 'provincias' tiene datos originales válidos ('guayas'). Se respeta el valor de Claro.
2026-05-04 16:58:31,036 - INFO - features.pda_extractor.pda_domicilio_logic - [pda_domicilio_logic.py:242] - Select 'cantones' tiene datos originales válidos ('guayaquil'). Se respeta el valor de Claro.
2026-05-04 16:58:36,238 - INFO - features.pda_extractor.pda_domicilio_logic - [pda_domicilio_logic.py:185] - Clic humano en 'referencia' ejecutado exitosamente para descongelar Domicilio.
2026-05-04 16:58:36,769 - INFO - features.pda_extractor.pda_sucursales_logic - [pda_sucursales_logic.py:32] - [Paso 4b] Botón Sucursales ACTIVO. Accediendo...
2026-05-04 16:58:37,185 - WARNING - features.pda_extractor.pda_base_logic - [pda_base_logic.py:252] - Círculo de carga detectado. El servidor de Claro está experimentando lentitud.
2026-05-04 16:58:37,694 - INFO - features.pda_extractor.pda_base_logic - [pda_base_logic.py:257] - El círculo de carga finalizó. Retomando automatización...
2026-05-04 16:58:37,695 - INFO - features.pda_extractor.pda_sucursales_logic - [pda_sucursales_logic.py:79] - [Paso 5] Verificando disponibilidad de sucursales para 0910006972...
2026-05-04 16:58:37,700 - INFO - features.pda_extractor.pda_sucursales_logic - [pda_sucursales_logic.py:87] - [Paso 5] Cierre de ciclo: Popup 'Sin sucursales' detectado. Cerrando...
2026-05-04 16:58:41,848 - INFO - features.pda_extractor.workflow_result_handler - [workflow_result_handler.py:207] - Datos guardados en BD para cédula 0910006972.
2026-05-04 16:58:41,849 - INFO - features.pda_extractor.workflow_result_handler - [workflow_result_handler.py:353] - [Evasión Anti-Bot] Pausa táctica normal de 2.6 segundos...
2026-05-04 16:58:44,411 - INFO - features.pda_extractor.pda_extractor_workflow - [pda_extractor_workflow.py:220] - --- Iniciando validación de cédula: 0910007020 ---
2026-05-04 16:58:45,322 - WARNING - features.pda_extractor.pda_base_logic - [pda_base_logic.py:252] - Círculo de carga detectado. El servidor de Claro está experimentando lentitud.
2026-05-04 16:58:46,332 - INFO - features.pda_extractor.pda_base_logic - [pda_base_logic.py:257] - El círculo de carga finalizó. Retomando automatización...
2026-05-04 16:58:50,388 - INFO - features.pda_extractor.pda_extractor_logic - [pda_extractor_logic.py:249] - Clonando móvil válido al Contacto 2 para satisfacer UI.
2026-05-04 16:58:50,399 - INFO - features.pda_extractor.pda_extractor_logic - [pda_extractor_logic.py:254] - Clonando móvil válido al Contacto 3 para satisfacer UI.
2026-05-04 16:58:52,582 - INFO - features.pda_extractor.pda_domicilio_logic - [pda_domicilio_logic.py:48] - [Paso 2] Botón Domicilio ACTIVO para 0910007020. Accediendo...
2026-05-04 16:58:57,778 - INFO - features.pda_extractor.pda_domicilio_logic - [pda_domicilio_logic.py:65] - Alertas en cascada interceptadas y destruidas limpiamente.
2026-05-04 16:58:59,419 - INFO - features.pda_extractor.pda_domicilio_logic - [pda_domicilio_logic.py:109] - Domicilio extraído - Ciudad: GUAYAQUIL | Dir: Por definir - No us
2026-05-04 16:59:00,977 - INFO - features.pda_extractor.pda_domicilio_logic - [pda_domicilio_logic.py:242] - Select 'provincias' tiene datos originales válidos ('guayas'). Se respeta el valor de Claro.
2026-05-04 16:59:01,033 - INFO - features.pda_extractor.pda_domicilio_logic - [pda_domicilio_logic.py:242] - Select 'cantones' tiene datos originales válidos ('guayaquil'). Se respeta el valor de Claro.
2026-05-04 16:59:04,601 - INFO - features.pda_extractor.pda_domicilio_logic - [pda_domicilio_logic.py:185] - Clic humano en 'referencia' ejecutado exitosamente para descongelar Domicilio.
2026-05-04 16:59:05,147 - INFO - features.pda_extractor.pda_sucursales_logic - [pda_sucursales_logic.py:32] - [Paso 4b] Botón Sucursales ACTIVO. Accediendo...
2026-05-04 16:59:05,357 - WARNING - features.pda_extractor.pda_base_logic - [pda_base_logic.py:252] - Círculo de carga detectado. El servidor de Claro está experimentando lentitud.
2026-05-04 16:59:05,869 - INFO - features.pda_extractor.pda_base_logic - [pda_base_logic.py:257] - El círculo de carga finalizó. Retomando automatización...
2026-05-04 16:59:05,869 - INFO - features.pda_extractor.pda_sucursales_logic - [pda_sucursales_logic.py:79] - [Paso 5] Verificando disponibilidad de sucursales para 0910007020...
2026-05-04 16:59:05,873 - INFO - features.pda_extractor.pda_sucursales_logic - [pda_sucursales_logic.py:87] - [Paso 5] Cierre de ciclo: Popup 'Sin sucursales' detectado. Cerrando...
2026-05-04 16:59:10,014 - INFO - features.pda_extractor.workflow_result_handler - [workflow_result_handler.py:207] - Datos guardados en BD para cédula 0910007020.
2026-05-04 16:59:10,015 - INFO - features.pda_extractor.workflow_result_handler - [workflow_result_handler.py:353] - [Evasión Anti-Bot] Pausa táctica normal de 3.0 segundos...
2026-05-04 16:59:13,046 - INFO - features.pda_extractor.pda_extractor_workflow - [pda_extractor_workflow.py:220] - --- Iniciando validación de cédula: 0910007145 ---
2026-05-04 16:59:13,937 - WARNING - features.pda_extractor.pda_base_logic - [pda_base_logic.py:252] - Círculo de carga detectado. El servidor de Claro está experimentando lentitud.
2026-05-04 16:59:15,454 - INFO - features.pda_extractor.pda_base_logic - [pda_base_logic.py:257] - El círculo de carga finalizó. Retomando automatización...
2026-05-04 16:59:21,659 - INFO - features.pda_extractor.pda_domicilio_logic - [pda_domicilio_logic.py:48] - [Paso 2] Botón Domicilio ACTIVO para 0910007145. Accediendo...
2026-05-04 16:59:23,796 - INFO - features.pda_extractor.pda_domicilio_logic - [pda_domicilio_logic.py:65] - Alertas en cascada interceptadas y destruidas limpiamente.
2026-05-04 16:59:25,472 - INFO - features.pda_extractor.pda_domicilio_logic - [pda_domicilio_logic.py:109] - Domicilio extraído - Ciudad:  | Dir: 
2026-05-04 16:59:27,215 - INFO - features.pda_extractor.pda_domicilio_logic - [pda_domicilio_logic.py:268] - Select 'provincias' sanado explícitamente (opción: por definir - no usar).
2026-05-04 16:59:27,220 - WARNING - features.pda_extractor.pda_base_logic - [pda_base_logic.py:252] - Círculo de carga detectado. El servidor de Claro está experimentando lentitud.
2026-05-04 16:59:28,736 - INFO - features.pda_extractor.pda_base_logic - [pda_base_logic.py:257] - El círculo de carga finalizó. Retomando automatización...
2026-05-04 16:59:30,327 - INFO - features.pda_extractor.pda_domicilio_logic - [pda_domicilio_logic.py:268] - Select 'cantones' sanado explícitamente (opción: por definir - no usar).
2026-05-04 16:59:30,332 - WARNING - features.pda_extractor.pda_base_logic - [pda_base_logic.py:252] - Círculo de carga detectado. El servidor de Claro está experimentando lentitud.
2026-05-04 16:59:31,847 - INFO - features.pda_extractor.pda_base_logic - [pda_base_logic.py:257] - El círculo de carga finalizó. Retomando automatización...
2026-05-04 16:59:38,740 - INFO - features.pda_extractor.pda_domicilio_logic - [pda_domicilio_logic.py:185] - Clic humano en 'referencia' ejecutado exitosamente para descongelar Domicilio.
2026-05-04 16:59:45,511 - INFO - features.pda_extractor.pda_domicilio_logic - [pda_domicilio_logic.py:200] - Botón Sucursales INACTIVO para 0910007145 tras intento de sanación. Omitiendo.
2026-05-04 16:59:46,541 - INFO - features.pda_extractor.workflow_result_handler - [workflow_result_handler.py:207] - Datos guardados en BD para cédula 0910007145.
2026-05-04 16:59:46,541 - INFO - features.pda_extractor.workflow_result_handler - [workflow_result_handler.py:353] - [Evasión Anti-Bot] Pausa táctica normal de 3.5 segundos...
2026-05-04 16:59:50,023 - INFO - features.pda_extractor.pda_extractor_workflow - [pda_extractor_workflow.py:220] - --- Iniciando validación de cédula: 0910007152 ---
2026-05-04 17:00:00,208 - ERROR - features.pda_extractor.pda_extractor_service - [pda_extractor_service.py:96] - Error en el servicio PDA Extractor: Message: invalid session id: session deleted as the browser has closed the connection
from disconnected: not connected to DevTools
  (Session info: chrome=147.0.7727.138); For documentation on this error, please visit: https://www.selenium.dev/documentation/webdriver/troubleshooting/errors#invalidsessionidexception
Stacktrace:
	chromedriver!GetHandleVerifier [0xe8b373+10553]
	chromedriver!GetHandleVerifier [0xe8b4a4+10684]
	chromedriver!(No symbol) [0xc91e10]
	chromedriver!(No symbol) [0xc80d8e]
	chromedriver!(No symbol) [0xc9f8d9]
	chromedriver!(No symbol) [0xd03dbc]
	chromedriver!(No symbol) [0xd1a3a9]
	chromedriver!(No symbol) [0xcfd606]
	chromedriver!(No symbol) [0xcd0039]
	chromedriver!(No symbol) [0xcd0df4]
	chromedriver!GetHandleVerifier [0x110ddb4+292f94]
	chromedriver!GetHandleVerifier [0x110937d+28e55d]
	chromedriver!GetHandleVerifier [0x1128215+2ad3f5]
	chromedriver!GetHandleVerifier [0xea4c18+29df8]
	chromedriver!GetHandleVerifier [0xeac6fd+318dd]
	chromedriver!GetHandleVerifier [0xe93c78+18e58]
	chromedriver!GetHandleVerifier [0xe93e42+19022]
	chromedriver!GetHandleVerifier [0xe7d45f+263f]
	KERNEL32!BaseThreadInitThunk [0x762a5d49+19]
	ntdll!RtlInitializeExceptionChain [0x778dd83b+6b]
	ntdll!RtlGetAppContainerNamedObjectPath [0x778dd7c1+231]
Traceback (most recent call last):
  File "C:\Users\Usuario\Desktop\PDA\src\features\pda_extractor\pda_extractor_service.py", line 58, in extract_pda_data
    result_data = processor.process_cedula(cedula)
  File "C:\Users\Usuario\Desktop\PDA\src\features\pda_extractor\pda_extractor_logic.py", line 373, in process_cedula
    raise e
  File "C:\Users\Usuario\Desktop\PDA\src\features\pda_extractor\pda_extractor_logic.py", line 83, in process_cedula
    search_box = WebDriverWait(self.driver, 150).until(EC.presence_of_element_located(search_input_locator))
  File "C:\Users\Usuario\Desktop\Jubilo\venv\Lib\site-packages\selenium\webdriver\support\wait.py", line 129, in until
    value = method(self._driver)
  File "C:\Users\Usuario\Desktop\Jubilo\venv\Lib\site-packages\selenium\webdriver\support\expected_conditions.py", line 104, in _predicate
    return driver.find_element(*locator)
           ~~~~~~~~~~~~~~~~~~~^^^^^^^^^^
  File "C:\Users\Usuario\Desktop\Jubilo\venv\Lib\site-packages\selenium\webdriver\remote\webdriver.py", line 926, in find_element
    return self.execute(Command.FIND_ELEMENT, {"using": by, "value": value})["value"]
           ~~~~~~~~~~~~^^^^^^^^^^^^^^^^^^^^^^^^^^^^^^^^^^^^^^^^^^^^^^^^^^^^^
  File "C:\Users\Usuario\Desktop\Jubilo\venv\Lib\site-packages\selenium\webdriver\remote\webdriver.py", line 458, in execute
    self.error_handler.check_response(response)
    ~~~~~~~~~~~~~~~~~~~~~~~~~~~~~~~~~^^^^^^^^^^
  File "C:\Users\Usuario\Desktop\Jubilo\venv\Lib\site-packages\selenium\webdriver\remote\errorhandler.py", line 233, in check_response
    raise exception_class(message, screen, stacktrace)
selenium.common.exceptions.InvalidSessionIdException: Message: invalid session id: session deleted as the browser has closed the connection
from disconnected: not connected to DevTools
  (Session info: chrome=147.0.7727.138); For documentation on this error, please visit: https://www.selenium.dev/documentation/webdriver/troubleshooting/errors#invalidsessionidexception
Stacktrace:
	chromedriver!GetHandleVerifier [0xe8b373+10553]
	chromedriver!GetHandleVerifier [0xe8b4a4+10684]
	chromedriver!(No symbol) [0xc91e10]
	chromedriver!(No symbol) [0xc80d8e]
	chromedriver!(No symbol) [0xc9f8d9]
	chromedriver!(No symbol) [0xd03dbc]
	chromedriver!(No symbol) [0xd1a3a9]
	chromedriver!(No symbol) [0xcfd606]
	chromedriver!(No symbol) [0xcd0039]
	chromedriver!(No symbol) [0xcd0df4]
	chromedriver!GetHandleVerifier [0x110ddb4+292f94]
	chromedriver!GetHandleVerifier [0x110937d+28e55d]
	chromedriver!GetHandleVerifier [0x1128215+2ad3f5]
	chromedriver!GetHandleVerifier [0xea4c18+29df8]
	chromedriver!GetHandleVerifier [0xeac6fd+318dd]
	chromedriver!GetHandleVerifier [0xe93c78+18e58]
	chromedriver!GetHandleVerifier [0xe93e42+19022]
	chromedriver!GetHandleVerifier [0xe7d45f+263f]
	KERNEL32!BaseThreadInitThunk [0x762a5d49+19]
	ntdll!RtlInitializeExceptionChain [0x778dd83b+6b]
	ntdll!RtlGetAppContainerNamedObjectPath [0x778dd7c1+231]

2026-05-04 17:00:00,211 - ERROR - features.pda_extractor.driver_manager - [driver_manager.py:218] - Error durante la ejecución del WebDriver: Message: invalid session id: session deleted as the browser has closed the connection
from disconnected: not connected to DevTools
  (Session info: chrome=147.0.7727.138); For documentation on this error, please visit: https://www.selenium.dev/documentation/webdriver/troubleshooting/errors#invalidsessionidexception
Stacktrace:
	chromedriver!GetHandleVerifier [0xe8b373+10553]
	chromedriver!GetHandleVerifier [0xe8b4a4+10684]
	chromedriver!(No symbol) [0xc91e10]
	chromedriver!(No symbol) [0xc80d8e]
	chromedriver!(No symbol) [0xc9f8d9]
	chromedriver!(No symbol) [0xd03dbc]
	chromedriver!(No symbol) [0xd1a3a9]
	chromedriver!(No symbol) [0xcfd606]
	chromedriver!(No symbol) [0xcd0039]
	chromedriver!(No symbol) [0xcd0df4]
	chromedriver!GetHandleVerifier [0x110ddb4+292f94]
	chromedriver!GetHandleVerifier [0x110937d+28e55d]
	chromedriver!GetHandleVerifier [0x1128215+2ad3f5]
	chromedriver!GetHandleVerifier [0xea4c18+29df8]
	chromedriver!GetHandleVerifier [0xeac6fd+318dd]
	chromedriver!GetHandleVerifier [0xe93c78+18e58]
	chromedriver!GetHandleVerifier [0xe93e42+19022]
	chromedriver!GetHandleVerifier [0xe7d45f+263f]
	KERNEL32!BaseThreadInitThunk [0x762a5d49+19]
	ntdll!RtlInitializeExceptionChain [0x778dd83b+6b]
	ntdll!RtlGetAppContainerNamedObjectPath [0x778dd7c1+231]
Traceback (most recent call last):
  File "C:\Users\Usuario\Desktop\PDA\src\features\pda_extractor\pda_extractor_service.py", line 58, in extract_pda_data
    result_data = processor.process_cedula(cedula)
  File "C:\Users\Usuario\Desktop\PDA\src\features\pda_extractor\pda_extractor_logic.py", line 373, in process_cedula
    raise e
  File "C:\Users\Usuario\Desktop\PDA\src\features\pda_extractor\pda_extractor_logic.py", line 83, in process_cedula
    search_box = WebDriverWait(self.driver, 150).until(EC.presence_of_element_located(search_input_locator))
  File "C:\Users\Usuario\Desktop\Jubilo\venv\Lib\site-packages\selenium\webdriver\support\wait.py", line 129, in until
    value = method(self._driver)
  File "C:\Users\Usuario\Desktop\Jubilo\venv\Lib\site-packages\selenium\webdriver\support\expected_conditions.py", line 104, in _predicate
    return driver.find_element(*locator)
           ~~~~~~~~~~~~~~~~~~~^^^^^^^^^^
  File "C:\Users\Usuario\Desktop\Jubilo\venv\Lib\site-packages\selenium\webdriver\remote\webdriver.py", line 926, in find_element
    return self.execute(Command.FIND_ELEMENT, {"using": by, "value": value})["value"]
           ~~~~~~~~~~~~^^^^^^^^^^^^^^^^^^^^^^^^^^^^^^^^^^^^^^^^^^^^^^^^^^^^^
  File "C:\Users\Usuario\Desktop\Jubilo\venv\Lib\site-packages\selenium\webdriver\remote\webdriver.py", line 458, in execute
    self.error_handler.check_response(response)
    ~~~~~~~~~~~~~~~~~~~~~~~~~~~~~~~~~^^^^^^^^^^
  File "C:\Users\Usuario\Desktop\Jubilo\venv\Lib\site-packages\selenium\webdriver\remote\errorhandler.py", line 233, in check_response
    raise exception_class(message, screen, stacktrace)
selenium.common.exceptions.InvalidSessionIdException: Message: invalid session id: session deleted as the browser has closed the connection
from disconnected: not connected to DevTools
  (Session info: chrome=147.0.7727.138); For documentation on this error, please visit: https://www.selenium.dev/documentation/webdriver/troubleshooting/errors#invalidsessionidexception
Stacktrace:
	chromedriver!GetHandleVerifier [0xe8b373+10553]
	chromedriver!GetHandleVerifier [0xe8b4a4+10684]
	chromedriver!(No symbol) [0xc91e10]
	chromedriver!(No symbol) [0xc80d8e]
	chromedriver!(No symbol) [0xc9f8d9]
	chromedriver!(No symbol) [0xd03dbc]
	chromedriver!(No symbol) [0xd1a3a9]
	chromedriver!(No symbol) [0xcfd606]
	chromedriver!(No symbol) [0xcd0039]
	chromedriver!(No symbol) [0xcd0df4]
	chromedriver!GetHandleVerifier [0x110ddb4+292f94]
	chromedriver!GetHandleVerifier [0x110937d+28e55d]
	chromedriver!GetHandleVerifier [0x1128215+2ad3f5]
	chromedriver!GetHandleVerifier [0xea4c18+29df8]
	chromedriver!GetHandleVerifier [0xeac6fd+318dd]
	chromedriver!GetHandleVerifier [0xe93c78+18e58]
	chromedriver!GetHandleVerifier [0xe93e42+19022]
	chromedriver!GetHandleVerifier [0xe7d45f+263f]
	KERNEL32!BaseThreadInitThunk [0x762a5d49+19]
	ntdll!RtlInitializeExceptionChain [0x778dd83b+6b]
	ntdll!RtlGetAppContainerNamedObjectPath [0x778dd7c1+231]

2026-05-04 17:00:00,213 - WARNING - features.pda_extractor.driver_manager - [driver_manager.py:229] - Omitiendo captura de pantalla: Conexión con el navegador rota o sesión inválida.
2026-05-04 17:00:00,213 - WARNING - features.pda_extractor.driver_manager - [driver_manager.py:248] - MODO DESARROLLO: El navegador se mantendrá abierto debido a un error crítico.
2026-05-04 17:00:00,213 - WARNING - features.pda_extractor.workflow_result_handler - [workflow_result_handler.py:79] - Interceptada excepción crítica de Selenium (InvalidSessionIdException). Activando Protocolo Fénix...
2026-05-04 17:00:00,213 - WARNING - features.pda_extractor.pda_extractor_workflow - [pda_extractor_workflow.py:322] - Ventana perdida o sesión inactiva. Iniciando Protocolo Fénix (Intento 1/2)...
2026-05-04 17:00:00,213 - INFO - features.pda_extractor.pda_workflow_executor - [pda_workflow_executor.py:143] - Protocolo Fénix: Reiniciando el entorno de automatización.
2026-05-04 17:00:00,215 - INFO - features.pda_extractor.driver_config - [driver_config.py:104] - Configurando para usar un perfil de Chrome temporal y limpio.
2026-05-04 17:00:02,237 - INFO - features.pda_extractor.driver_config - [driver_config.py:125] - WebDriver configurado exitosamente con webdriver-manager.
2026-05-04 17:00:04,576 - INFO - features.pda_extractor.driver_manager - [driver_manager.py:363] - ¡Sesión inyectada en el navegador virgen! Evadiendo autenticación SMS...
